This is pdfTeX, Version 3.14159265-2.6-1.40.20 (TeX Live 2019/W32TeX) (preloaded format=pdflatex 2019.12.13)  5 JAN 2020 02:31
entering extended mode
 restricted \write18 enabled.
 %&-line parsing enabled.
**\nonstopmode\input math_sem1.tex
(./math_sem1.tex (c:/texlive/2019/texmf-dist/tex/latex/base/book.cls
Document Class: book 2019/10/25 v1.4k Standard LaTeX document class
(c:/texlive/2019/texmf-dist/tex/latex/base/bk10.clo
File: bk10.clo 2019/10/25 v1.4k Standard LaTeX file (size option)
)
\c@part=\count80
\c@chapter=\count81
\c@section=\count82
\c@subsection=\count83
\c@subsubsection=\count84
\c@paragraph=\count85
\c@subparagraph=\count86
\c@figure=\count87
\c@table=\count88
\abovecaptionskip=\skip41
\belowcaptionskip=\skip42
\bibindent=\dimen102
)
(c:/texlive/2019/texmf-dist/tex/generic/babel/babel.sty
Package: babel 2019/12/08 3.37 The Babel package

(c:/texlive/2019/texmf-dist/tex/generic/babel/switch.def
File: switch.def 2019/12/08 3.37 Babel switching mechanism
)
(c:/texlive/2019/texmf-dist/tex/generic/babel-russian/russianb.ldf
Language: russian 2017/08/12 1.3j Russian support for the Babel system

(c:/texlive/2019/texmf-dist/tex/generic/babel/babel.def
File: babel.def 2019/12/08 3.37 Babel common definitions
\babel@savecnt=\count89
\U@D=\dimen103

(c:/texlive/2019/texmf-dist/tex/generic/babel/txtbabel.def)
\bbl@dirlevel=\count90
)

Package babel Warning: No Cyrillic font encoding has been loaded so far.
(babel)                A font encoding should be declared before babel.
(babel)                Default `T2A' encoding will be loaded  on input line 74.


(c:/texlive/2019/texmf-dist/tex/latex/cyrillic/t2aenc.def
File: t2aenc.def 2005/09/27 v1.0i Cyrillic encoding definition file
Now handling font encoding T2A ...
... processing UTF-8 mapping file for font encoding T2A

(c:/texlive/2019/texmf-dist/tex/latex/base/t2aenc.dfu
File: t2aenc.dfu 2019/07/11 v1.2j UTF-8 support for inputenc
   defining Unicode char U+00A4 (decimal 164)
   defining Unicode char U+00A7 (decimal 167)
   defining Unicode char U+00AB (decimal 171)
   defining Unicode char U+00BB (decimal 187)
   defining Unicode char U+0131 (decimal 305)
   defining Unicode char U+0237 (decimal 567)
   defining Unicode char U+0400 (decimal 1024)
   defining Unicode char U+0401 (decimal 1025)
   defining Unicode char U+0402 (decimal 1026)
   defining Unicode char U+0403 (decimal 1027)
   defining Unicode char U+0404 (decimal 1028)
   defining Unicode char U+0405 (decimal 1029)
   defining Unicode char U+0406 (decimal 1030)
   defining Unicode char U+0407 (decimal 1031)
   defining Unicode char U+0408 (decimal 1032)
   defining Unicode char U+0409 (decimal 1033)
   defining Unicode char U+040A (decimal 1034)
   defining Unicode char U+040B (decimal 1035)
   defining Unicode char U+040C (decimal 1036)
   defining Unicode char U+040D (decimal 1037)
   defining Unicode char U+040E (decimal 1038)
   defining Unicode char U+040F (decimal 1039)
   defining Unicode char U+0410 (decimal 1040)
   defining Unicode char U+0411 (decimal 1041)
   defining Unicode char U+0412 (decimal 1042)
   defining Unicode char U+0413 (decimal 1043)
   defining Unicode char U+0414 (decimal 1044)
   defining Unicode char U+0415 (decimal 1045)
   defining Unicode char U+0416 (decimal 1046)
   defining Unicode char U+0417 (decimal 1047)
   defining Unicode char U+0418 (decimal 1048)
   defining Unicode char U+0419 (decimal 1049)
   defining Unicode char U+041A (decimal 1050)
   defining Unicode char U+041B (decimal 1051)
   defining Unicode char U+041C (decimal 1052)
   defining Unicode char U+041D (decimal 1053)
   defining Unicode char U+041E (decimal 1054)
   defining Unicode char U+041F (decimal 1055)
   defining Unicode char U+0420 (decimal 1056)
   defining Unicode char U+0421 (decimal 1057)
   defining Unicode char U+0422 (decimal 1058)
   defining Unicode char U+0423 (decimal 1059)
   defining Unicode char U+0424 (decimal 1060)
   defining Unicode char U+0425 (decimal 1061)
   defining Unicode char U+0426 (decimal 1062)
   defining Unicode char U+0427 (decimal 1063)
   defining Unicode char U+0428 (decimal 1064)
   defining Unicode char U+0429 (decimal 1065)
   defining Unicode char U+042A (decimal 1066)
   defining Unicode char U+042B (decimal 1067)
   defining Unicode char U+042C (decimal 1068)
   defining Unicode char U+042D (decimal 1069)
   defining Unicode char U+042E (decimal 1070)
   defining Unicode char U+042F (decimal 1071)
   defining Unicode char U+0430 (decimal 1072)
   defining Unicode char U+0431 (decimal 1073)
   defining Unicode char U+0432 (decimal 1074)
   defining Unicode char U+0433 (decimal 1075)
   defining Unicode char U+0434 (decimal 1076)
   defining Unicode char U+0435 (decimal 1077)
   defining Unicode char U+0436 (decimal 1078)
   defining Unicode char U+0437 (decimal 1079)
   defining Unicode char U+0438 (decimal 1080)
   defining Unicode char U+0439 (decimal 1081)
   defining Unicode char U+043A (decimal 1082)
   defining Unicode char U+043B (decimal 1083)
   defining Unicode char U+043C (decimal 1084)
   defining Unicode char U+043D (decimal 1085)
   defining Unicode char U+043E (decimal 1086)
   defining Unicode char U+043F (decimal 1087)
   defining Unicode char U+0440 (decimal 1088)
   defining Unicode char U+0441 (decimal 1089)
   defining Unicode char U+0442 (decimal 1090)
   defining Unicode char U+0443 (decimal 1091)
   defining Unicode char U+0444 (decimal 1092)
   defining Unicode char U+0445 (decimal 1093)
   defining Unicode char U+0446 (decimal 1094)
   defining Unicode char U+0447 (decimal 1095)
   defining Unicode char U+0448 (decimal 1096)
   defining Unicode char U+0449 (decimal 1097)
   defining Unicode char U+044A (decimal 1098)
   defining Unicode char U+044B (decimal 1099)
   defining Unicode char U+044C (decimal 1100)
   defining Unicode char U+044D (decimal 1101)
   defining Unicode char U+044E (decimal 1102)
   defining Unicode char U+044F (decimal 1103)
   defining Unicode char U+0450 (decimal 1104)
   defining Unicode char U+0451 (decimal 1105)
   defining Unicode char U+0452 (decimal 1106)
   defining Unicode char U+0453 (decimal 1107)
   defining Unicode char U+0454 (decimal 1108)
   defining Unicode char U+0455 (decimal 1109)
   defining Unicode char U+0456 (decimal 1110)
   defining Unicode char U+0457 (decimal 1111)
   defining Unicode char U+0458 (decimal 1112)
   defining Unicode char U+0459 (decimal 1113)
   defining Unicode char U+045A (decimal 1114)
   defining Unicode char U+045B (decimal 1115)
   defining Unicode char U+045C (decimal 1116)
   defining Unicode char U+045D (decimal 1117)
   defining Unicode char U+045E (decimal 1118)
   defining Unicode char U+045F (decimal 1119)
   defining Unicode char U+0490 (decimal 1168)
   defining Unicode char U+0491 (decimal 1169)
   defining Unicode char U+0492 (decimal 1170)
   defining Unicode char U+0493 (decimal 1171)
   defining Unicode char U+0496 (decimal 1174)
   defining Unicode char U+0497 (decimal 1175)
   defining Unicode char U+0498 (decimal 1176)
   defining Unicode char U+0499 (decimal 1177)
   defining Unicode char U+049A (decimal 1178)
   defining Unicode char U+049B (decimal 1179)
   defining Unicode char U+049C (decimal 1180)
   defining Unicode char U+049D (decimal 1181)
   defining Unicode char U+04A0 (decimal 1184)
   defining Unicode char U+04A1 (decimal 1185)
   defining Unicode char U+04A2 (decimal 1186)
   defining Unicode char U+04A3 (decimal 1187)
   defining Unicode char U+04A4 (decimal 1188)
   defining Unicode char U+04A5 (decimal 1189)
   defining Unicode char U+04AA (decimal 1194)
   defining Unicode char U+04AB (decimal 1195)
   defining Unicode char U+04AE (decimal 1198)
   defining Unicode char U+04AF (decimal 1199)
   defining Unicode char U+04B0 (decimal 1200)
   defining Unicode char U+04B1 (decimal 1201)
   defining Unicode char U+04B2 (decimal 1202)
   defining Unicode char U+04B3 (decimal 1203)
   defining Unicode char U+04B6 (decimal 1206)
   defining Unicode char U+04B7 (decimal 1207)
   defining Unicode char U+04B8 (decimal 1208)
   defining Unicode char U+04B9 (decimal 1209)
   defining Unicode char U+04BA (decimal 1210)
   defining Unicode char U+04BB (decimal 1211)
   defining Unicode char U+04C0 (decimal 1216)
   defining Unicode char U+04C1 (decimal 1217)
   defining Unicode char U+04C2 (decimal 1218)
   defining Unicode char U+04D0 (decimal 1232)
   defining Unicode char U+04D1 (decimal 1233)
   defining Unicode char U+04D2 (decimal 1234)
   defining Unicode char U+04D3 (decimal 1235)
   defining Unicode char U+04D4 (decimal 1236)
   defining Unicode char U+04D5 (decimal 1237)
   defining Unicode char U+04D6 (decimal 1238)
   defining Unicode char U+04D7 (decimal 1239)
   defining Unicode char U+04D8 (decimal 1240)
   defining Unicode char U+04D9 (decimal 1241)
   defining Unicode char U+04DA (decimal 1242)
   defining Unicode char U+04DB (decimal 1243)
   defining Unicode char U+04DC (decimal 1244)
   defining Unicode char U+04DD (decimal 1245)
   defining Unicode char U+04DE (decimal 1246)
   defining Unicode char U+04DF (decimal 1247)
   defining Unicode char U+04E2 (decimal 1250)
   defining Unicode char U+04E3 (decimal 1251)
   defining Unicode char U+04E4 (decimal 1252)
   defining Unicode char U+04E5 (decimal 1253)
   defining Unicode char U+04E6 (decimal 1254)
   defining Unicode char U+04E7 (decimal 1255)
   defining Unicode char U+04E8 (decimal 1256)
   defining Unicode char U+04E9 (decimal 1257)
   defining Unicode char U+04EC (decimal 1260)
   defining Unicode char U+04ED (decimal 1261)
   defining Unicode char U+04EE (decimal 1262)
   defining Unicode char U+04EF (decimal 1263)
   defining Unicode char U+04F0 (decimal 1264)
   defining Unicode char U+04F1 (decimal 1265)
   defining Unicode char U+04F2 (decimal 1266)
   defining Unicode char U+04F3 (decimal 1267)
   defining Unicode char U+04F4 (decimal 1268)
   defining Unicode char U+04F5 (decimal 1269)
   defining Unicode char U+04F8 (decimal 1272)
   defining Unicode char U+04F9 (decimal 1273)
   defining Unicode char U+200C (decimal 8204)
   defining Unicode char U+2013 (decimal 8211)
   defining Unicode char U+2014 (decimal 8212)
   defining Unicode char U+2018 (decimal 8216)
   defining Unicode char U+2019 (decimal 8217)
   defining Unicode char U+201C (decimal 8220)
   defining Unicode char U+201D (decimal 8221)
   defining Unicode char U+201E (decimal 8222)
   defining Unicode char U+2030 (decimal 8240)
   defining Unicode char U+2031 (decimal 8241)
   defining Unicode char U+2116 (decimal 8470)
   defining Unicode char U+2329 (decimal 9001)
   defining Unicode char U+232A (decimal 9002)
   defining Unicode char U+2423 (decimal 9251)
   defining Unicode char U+27E8 (decimal 10216)
   defining Unicode char U+27E9 (decimal 10217)
   defining Unicode char U+FB00 (decimal 64256)
   defining Unicode char U+FB01 (decimal 64257)
   defining Unicode char U+FB02 (decimal 64258)
   defining Unicode char U+FB03 (decimal 64259)
   defining Unicode char U+FB04 (decimal 64260)
   defining Unicode char U+FB05 (decimal 64261)
   defining Unicode char U+FB06 (decimal 64262)
))
Package babel Info: Making " an active character on input line 120.
Package babel Info: Default for \cyrdash is provided on input line 157.
))
(c:/texlive/2019/texmf-dist/tex/latex/enumitem/enumitem.sty
Package: enumitem 2019/06/20 v3.9 Customized lists
\enitkv@toks@=\toks14
\labelindent=\skip43
\enit@outerparindent=\dimen104
\enit@toks=\toks15
\enit@inbox=\box27
\enit@count@id=\count91
\enitdp@description=\count92
)
(c:/texlive/2019/texmf-dist/tex/latex/amsmath/amsmath.sty
Package: amsmath 2019/11/16 v2.17d AMS math features
\@mathmargin=\skip44

For additional information on amsmath, use the `?' option.
(c:/texlive/2019/texmf-dist/tex/latex/amsmath/amstext.sty
Package: amstext 2000/06/29 v2.01 AMS text

(c:/texlive/2019/texmf-dist/tex/latex/amsmath/amsgen.sty
File: amsgen.sty 1999/11/30 v2.0 generic functions
\@emptytoks=\toks16
\ex@=\dimen105
))
(c:/texlive/2019/texmf-dist/tex/latex/amsmath/amsbsy.sty
Package: amsbsy 1999/11/29 v1.2d Bold Symbols
\pmbraise@=\dimen106
)
(c:/texlive/2019/texmf-dist/tex/latex/amsmath/amsopn.sty
Package: amsopn 2016/03/08 v2.02 operator names
)
\inf@bad=\count93
LaTeX Info: Redefining \frac on input line 227.
\uproot@=\count94
\leftroot@=\count95
LaTeX Info: Redefining \overline on input line 389.
\classnum@=\count96
\DOTSCASE@=\count97
LaTeX Info: Redefining \ldots on input line 486.
LaTeX Info: Redefining \dots on input line 489.
LaTeX Info: Redefining \cdots on input line 610.
\Mathstrutbox@=\box28
\strutbox@=\box29
\big@size=\dimen107
LaTeX Font Info:    Redeclaring font encoding OML on input line 733.
LaTeX Font Info:    Redeclaring font encoding OMS on input line 734.
\macc@depth=\count98
\c@MaxMatrixCols=\count99
\dotsspace@=\muskip10
\c@parentequation=\count100
\dspbrk@lvl=\count101
\tag@help=\toks17
\row@=\count102
\column@=\count103
\maxfields@=\count104
\andhelp@=\toks18
\eqnshift@=\dimen108
\alignsep@=\dimen109
\tagshift@=\dimen110
\tagwidth@=\dimen111
\totwidth@=\dimen112
\lineht@=\dimen113
\@envbody=\toks19
\multlinegap=\skip45
\multlinetaggap=\skip46
\mathdisplay@stack=\toks20
LaTeX Info: Redefining \[ on input line 2858.
LaTeX Info: Redefining \] on input line 2859.
)
(c:/texlive/2019/texmf-dist/tex/latex/amsfonts/amssymb.sty
Package: amssymb 2013/01/14 v3.01 AMS font symbols

(c:/texlive/2019/texmf-dist/tex/latex/amsfonts/amsfonts.sty
Package: amsfonts 2013/01/14 v3.01 Basic AMSFonts support
\symAMSa=\mathgroup4
\symAMSb=\mathgroup5
LaTeX Font Info:    Redeclaring math symbol \hbar on input line 98.
LaTeX Font Info:    Overwriting math alphabet `\mathfrak' in version `bold'
(Font)                  U/euf/m/n --> U/euf/b/n on input line 106.
))
(c:/texlive/2019/texmf-dist/tex/latex/pgf/frontendlayer/tikz.sty
(c:/texlive/2019/texmf-dist/tex/latex/pgf/basiclayer/pgf.sty
(c:/texlive/2019/texmf-dist/tex/latex/pgf/utilities/pgfrcs.sty
(c:/texlive/2019/texmf-dist/tex/generic/pgf/utilities/pgfutil-common.tex
\pgfutil@everybye=\toks21
\pgfutil@tempdima=\dimen114
\pgfutil@tempdimb=\dimen115

(c:/texlive/2019/texmf-dist/tex/generic/pgf/utilities/pgfutil-common-lists.tex)
) (c:/texlive/2019/texmf-dist/tex/generic/pgf/utilities/pgfutil-latex.def
\pgfutil@abb=\box30

(c:/texlive/2019/texmf-dist/tex/latex/ms/everyshi.sty
Package: everyshi 2001/05/15 v3.00 EveryShipout Package (MS)
))
(c:/texlive/2019/texmf-dist/tex/generic/pgf/utilities/pgfrcs.code.tex
(c:/texlive/2019/texmf-dist/tex/generic/pgf/pgf.revision.tex)
Package: pgfrcs 2019/08/03 v3.1.4b (3.1.4b)
))
Package: pgf 2019/08/03 v3.1.4b (3.1.4b)

(c:/texlive/2019/texmf-dist/tex/latex/pgf/basiclayer/pgfcore.sty
(c:/texlive/2019/texmf-dist/tex/latex/graphics/graphicx.sty
Package: graphicx 2017/06/01 v1.1a Enhanced LaTeX Graphics (DPC,SPQR)

(c:/texlive/2019/texmf-dist/tex/latex/graphics/keyval.sty
Package: keyval 2014/10/28 v1.15 key=value parser (DPC)
\KV@toks@=\toks22
)
(c:/texlive/2019/texmf-dist/tex/latex/graphics/graphics.sty
Package: graphics 2019/11/01 v1.3d Standard LaTeX Graphics (DPC,SPQR)

(c:/texlive/2019/texmf-dist/tex/latex/graphics/trig.sty
Package: trig 2016/01/03 v1.10 sin cos tan (DPC)
)
(c:/texlive/2019/texmf-dist/tex/latex/graphics-cfg/graphics.cfg
File: graphics.cfg 2016/06/04 v1.11 sample graphics configuration
)
Package graphics Info: Driver file: pdftex.def on input line 105.

(c:/texlive/2019/texmf-dist/tex/latex/graphics-def/pdftex.def
File: pdftex.def 2018/01/08 v1.0l Graphics/color driver for pdftex
))
\Gin@req@height=\dimen116
\Gin@req@width=\dimen117
)
(c:/texlive/2019/texmf-dist/tex/latex/pgf/systemlayer/pgfsys.sty
(c:/texlive/2019/texmf-dist/tex/generic/pgf/systemlayer/pgfsys.code.tex
Package: pgfsys 2019/08/03 v3.1.4b (3.1.4b)

(c:/texlive/2019/texmf-dist/tex/generic/pgf/utilities/pgfkeys.code.tex
\pgfkeys@pathtoks=\toks23
\pgfkeys@temptoks=\toks24

(c:/texlive/2019/texmf-dist/tex/generic/pgf/utilities/pgfkeysfiltered.code.tex
\pgfkeys@tmptoks=\toks25
))
\pgf@x=\dimen118
\pgf@y=\dimen119
\pgf@xa=\dimen120
\pgf@ya=\dimen121
\pgf@xb=\dimen122
\pgf@yb=\dimen123
\pgf@xc=\dimen124
\pgf@yc=\dimen125
\pgf@xd=\dimen126
\pgf@yd=\dimen127
\w@pgf@writea=\write3
\r@pgf@reada=\read1
\c@pgf@counta=\count105
\c@pgf@countb=\count106
\c@pgf@countc=\count107
\c@pgf@countd=\count108
\t@pgf@toka=\toks26
\t@pgf@tokb=\toks27
\t@pgf@tokc=\toks28
\pgf@sys@id@count=\count109
 (c:/texlive/2019/texmf-dist/tex/generic/pgf/systemlayer/pgf.cfg
File: pgf.cfg 2019/08/03 v3.1.4b (3.1.4b)
)
Driver file for pgf: pgfsys-pdftex.def

(c:/texlive/2019/texmf-dist/tex/generic/pgf/systemlayer/pgfsys-pdftex.def
File: pgfsys-pdftex.def 2019/08/03 v3.1.4b (3.1.4b)

(c:/texlive/2019/texmf-dist/tex/generic/pgf/systemlayer/pgfsys-common-pdf.def
File: pgfsys-common-pdf.def 2019/08/03 v3.1.4b (3.1.4b)
)))
(c:/texlive/2019/texmf-dist/tex/generic/pgf/systemlayer/pgfsyssoftpath.code.tex
File: pgfsyssoftpath.code.tex 2019/08/03 v3.1.4b (3.1.4b)
\pgfsyssoftpath@smallbuffer@items=\count110
\pgfsyssoftpath@bigbuffer@items=\count111
)
(c:/texlive/2019/texmf-dist/tex/generic/pgf/systemlayer/pgfsysprotocol.code.tex
File: pgfsysprotocol.code.tex 2019/08/03 v3.1.4b (3.1.4b)
)) (c:/texlive/2019/texmf-dist/tex/latex/xcolor/xcolor.sty
Package: xcolor 2016/05/11 v2.12 LaTeX color extensions (UK)

(c:/texlive/2019/texmf-dist/tex/latex/graphics-cfg/color.cfg
File: color.cfg 2016/01/02 v1.6 sample color configuration
)
Package xcolor Info: Driver file: pdftex.def on input line 225.
Package xcolor Info: Model `cmy' substituted by `cmy0' on input line 1348.
Package xcolor Info: Model `hsb' substituted by `rgb' on input line 1352.
Package xcolor Info: Model `RGB' extended on input line 1364.
Package xcolor Info: Model `HTML' substituted by `rgb' on input line 1366.
Package xcolor Info: Model `Hsb' substituted by `hsb' on input line 1367.
Package xcolor Info: Model `tHsb' substituted by `hsb' on input line 1368.
Package xcolor Info: Model `HSB' substituted by `hsb' on input line 1369.
Package xcolor Info: Model `Gray' substituted by `gray' on input line 1370.
Package xcolor Info: Model `wave' substituted by `hsb' on input line 1371.
)
(c:/texlive/2019/texmf-dist/tex/generic/pgf/basiclayer/pgfcore.code.tex
Package: pgfcore 2019/08/03 v3.1.4b (3.1.4b)

(c:/texlive/2019/texmf-dist/tex/generic/pgf/math/pgfmath.code.tex
(c:/texlive/2019/texmf-dist/tex/generic/pgf/math/pgfmathcalc.code.tex
(c:/texlive/2019/texmf-dist/tex/generic/pgf/math/pgfmathutil.code.tex)
(c:/texlive/2019/texmf-dist/tex/generic/pgf/math/pgfmathparser.code.tex
\pgfmath@dimen=\dimen128
\pgfmath@count=\count112
\pgfmath@box=\box31
\pgfmath@toks=\toks29
\pgfmath@stack@operand=\toks30
\pgfmath@stack@operation=\toks31
)
(c:/texlive/2019/texmf-dist/tex/generic/pgf/math/pgfmathfunctions.code.tex
(c:/texlive/2019/texmf-dist/tex/generic/pgf/math/pgfmathfunctions.basic.code.te
x)
(c:/texlive/2019/texmf-dist/tex/generic/pgf/math/pgfmathfunctions.trigonometric
.code.tex)
(c:/texlive/2019/texmf-dist/tex/generic/pgf/math/pgfmathfunctions.random.code.t
ex)
(c:/texlive/2019/texmf-dist/tex/generic/pgf/math/pgfmathfunctions.comparison.co
de.tex)
(c:/texlive/2019/texmf-dist/tex/generic/pgf/math/pgfmathfunctions.base.code.tex
)
(c:/texlive/2019/texmf-dist/tex/generic/pgf/math/pgfmathfunctions.round.code.te
x)
(c:/texlive/2019/texmf-dist/tex/generic/pgf/math/pgfmathfunctions.misc.code.tex
)
(c:/texlive/2019/texmf-dist/tex/generic/pgf/math/pgfmathfunctions.integerarithm
etics.code.tex)))
(c:/texlive/2019/texmf-dist/tex/generic/pgf/math/pgfmathfloat.code.tex
\c@pgfmathroundto@lastzeros=\count113
))
(c:/texlive/2019/texmf-dist/tex/generic/pgf/math/pgfint.code.tex)
(c:/texlive/2019/texmf-dist/tex/generic/pgf/basiclayer/pgfcorepoints.code.tex
File: pgfcorepoints.code.tex 2019/08/03 v3.1.4b (3.1.4b)
\pgf@picminx=\dimen129
\pgf@picmaxx=\dimen130
\pgf@picminy=\dimen131
\pgf@picmaxy=\dimen132
\pgf@pathminx=\dimen133
\pgf@pathmaxx=\dimen134
\pgf@pathminy=\dimen135
\pgf@pathmaxy=\dimen136
\pgf@xx=\dimen137
\pgf@xy=\dimen138
\pgf@yx=\dimen139
\pgf@yy=\dimen140
\pgf@zx=\dimen141
\pgf@zy=\dimen142
)
(c:/texlive/2019/texmf-dist/tex/generic/pgf/basiclayer/pgfcorepathconstruct.cod
e.tex
File: pgfcorepathconstruct.code.tex 2019/08/03 v3.1.4b (3.1.4b)
\pgf@path@lastx=\dimen143
\pgf@path@lasty=\dimen144
)
(c:/texlive/2019/texmf-dist/tex/generic/pgf/basiclayer/pgfcorepathusage.code.te
x
File: pgfcorepathusage.code.tex 2019/08/03 v3.1.4b (3.1.4b)
\pgf@shorten@end@additional=\dimen145
\pgf@shorten@start@additional=\dimen146
)
(c:/texlive/2019/texmf-dist/tex/generic/pgf/basiclayer/pgfcorescopes.code.tex
File: pgfcorescopes.code.tex 2019/08/03 v3.1.4b (3.1.4b)
\pgfpic=\box32
\pgf@hbox=\box33
\pgf@layerbox@main=\box34
\pgf@picture@serial@count=\count114
)
(c:/texlive/2019/texmf-dist/tex/generic/pgf/basiclayer/pgfcoregraphicstate.code
.tex
File: pgfcoregraphicstate.code.tex 2019/08/03 v3.1.4b (3.1.4b)
\pgflinewidth=\dimen147
)
(c:/texlive/2019/texmf-dist/tex/generic/pgf/basiclayer/pgfcoretransformations.c
ode.tex
File: pgfcoretransformations.code.tex 2019/08/03 v3.1.4b (3.1.4b)
\pgf@pt@x=\dimen148
\pgf@pt@y=\dimen149
\pgf@pt@temp=\dimen150
)
(c:/texlive/2019/texmf-dist/tex/generic/pgf/basiclayer/pgfcorequick.code.tex
File: pgfcorequick.code.tex 2019/08/03 v3.1.4b (3.1.4b)
)
(c:/texlive/2019/texmf-dist/tex/generic/pgf/basiclayer/pgfcoreobjects.code.tex
File: pgfcoreobjects.code.tex 2019/08/03 v3.1.4b (3.1.4b)
)
(c:/texlive/2019/texmf-dist/tex/generic/pgf/basiclayer/pgfcorepathprocessing.co
de.tex
File: pgfcorepathprocessing.code.tex 2019/08/03 v3.1.4b (3.1.4b)
)
(c:/texlive/2019/texmf-dist/tex/generic/pgf/basiclayer/pgfcorearrows.code.tex
File: pgfcorearrows.code.tex 2019/08/03 v3.1.4b (3.1.4b)
\pgfarrowsep=\dimen151
)
(c:/texlive/2019/texmf-dist/tex/generic/pgf/basiclayer/pgfcoreshade.code.tex
File: pgfcoreshade.code.tex 2019/08/03 v3.1.4b (3.1.4b)
\pgf@max=\dimen152
\pgf@sys@shading@range@num=\count115
\pgf@shadingcount=\count116
)
(c:/texlive/2019/texmf-dist/tex/generic/pgf/basiclayer/pgfcoreimage.code.tex
File: pgfcoreimage.code.tex 2019/08/03 v3.1.4b (3.1.4b)

(c:/texlive/2019/texmf-dist/tex/generic/pgf/basiclayer/pgfcoreexternal.code.tex
File: pgfcoreexternal.code.tex 2019/08/03 v3.1.4b (3.1.4b)
\pgfexternal@startupbox=\box35
))
(c:/texlive/2019/texmf-dist/tex/generic/pgf/basiclayer/pgfcorelayers.code.tex
File: pgfcorelayers.code.tex 2019/08/03 v3.1.4b (3.1.4b)
)
(c:/texlive/2019/texmf-dist/tex/generic/pgf/basiclayer/pgfcoretransparency.code
.tex
File: pgfcoretransparency.code.tex 2019/08/03 v3.1.4b (3.1.4b)
)
(c:/texlive/2019/texmf-dist/tex/generic/pgf/basiclayer/pgfcorepatterns.code.tex
File: pgfcorepatterns.code.tex 2019/08/03 v3.1.4b (3.1.4b)
) (c:/texlive/2019/texmf-dist/tex/generic/pgf/basiclayer/pgfcorerdf.code.tex
File: pgfcorerdf.code.tex 2019/08/03 v3.1.4b (3.1.4b)
))) (c:/texlive/2019/texmf-dist/tex/generic/pgf/modules/pgfmoduleshapes.code.te
x
File: pgfmoduleshapes.code.tex 2019/08/03 v3.1.4b (3.1.4b)
\pgfnodeparttextbox=\box36
)
(c:/texlive/2019/texmf-dist/tex/generic/pgf/modules/pgfmoduleplot.code.tex
File: pgfmoduleplot.code.tex 2019/08/03 v3.1.4b (3.1.4b)
)
(c:/texlive/2019/texmf-dist/tex/latex/pgf/compatibility/pgfcomp-version-0-65.st
y
Package: pgfcomp-version-0-65 2019/08/03 v3.1.4b (3.1.4b)
\pgf@nodesepstart=\dimen153
\pgf@nodesepend=\dimen154
)
(c:/texlive/2019/texmf-dist/tex/latex/pgf/compatibility/pgfcomp-version-1-18.st
y
Package: pgfcomp-version-1-18 2019/08/03 v3.1.4b (3.1.4b)
)) (c:/texlive/2019/texmf-dist/tex/latex/pgf/utilities/pgffor.sty
(c:/texlive/2019/texmf-dist/tex/latex/pgf/utilities/pgfkeys.sty
(c:/texlive/2019/texmf-dist/tex/generic/pgf/utilities/pgfkeys.code.tex))
(c:/texlive/2019/texmf-dist/tex/latex/pgf/math/pgfmath.sty
(c:/texlive/2019/texmf-dist/tex/generic/pgf/math/pgfmath.code.tex))
(c:/texlive/2019/texmf-dist/tex/generic/pgf/utilities/pgffor.code.tex
Package: pgffor 2019/08/03 v3.1.4b (3.1.4b)

(c:/texlive/2019/texmf-dist/tex/generic/pgf/math/pgfmath.code.tex)
\pgffor@iter=\dimen155
\pgffor@skip=\dimen156
\pgffor@stack=\toks32
\pgffor@toks=\toks33
))
(c:/texlive/2019/texmf-dist/tex/generic/pgf/frontendlayer/tikz/tikz.code.tex
Package: tikz 2019/08/03 v3.1.4b (3.1.4b)

(c:/texlive/2019/texmf-dist/tex/generic/pgf/libraries/pgflibraryplothandlers.co
de.tex
File: pgflibraryplothandlers.code.tex 2019/08/03 v3.1.4b (3.1.4b)
\pgf@plot@mark@count=\count117
\pgfplotmarksize=\dimen157
)
\tikz@lastx=\dimen158
\tikz@lasty=\dimen159
\tikz@lastxsaved=\dimen160
\tikz@lastysaved=\dimen161
\tikz@lastmovetox=\dimen162
\tikz@lastmovetoy=\dimen163
\tikzleveldistance=\dimen164
\tikzsiblingdistance=\dimen165
\tikz@figbox=\box37
\tikz@figbox@bg=\box38
\tikz@tempbox=\box39
\tikz@tempbox@bg=\box40
\tikztreelevel=\count118
\tikznumberofchildren=\count119
\tikznumberofcurrentchild=\count120
\tikz@fig@count=\count121

(c:/texlive/2019/texmf-dist/tex/generic/pgf/modules/pgfmodulematrix.code.tex
File: pgfmodulematrix.code.tex 2019/08/03 v3.1.4b (3.1.4b)
\pgfmatrixcurrentrow=\count122
\pgfmatrixcurrentcolumn=\count123
\pgf@matrix@numberofcolumns=\count124
)
\tikz@expandcount=\count125

(c:/texlive/2019/texmf-dist/tex/generic/pgf/frontendlayer/tikz/libraries/tikzli
brarytopaths.code.tex
File: tikzlibrarytopaths.code.tex 2019/08/03 v3.1.4b (3.1.4b)
)))
(c:/texlive/2019/texmf-dist/tex/latex/pgfplots/pgfplots.sty
(c:/texlive/2019/texmf-dist/tex/generic/pgfplots/pgfplots.revision.tex)
Package: pgfplots 2018/03/28 v1.16 Data Visualization (1.16)

(c:/texlive/2019/texmf-dist/tex/generic/pgfplots/pgfplots.code.tex
(c:/texlive/2019/texmf-dist/tex/generic/pgfplots/pgfplotscore.code.tex
\t@pgfplots@toka=\toks34
\t@pgfplots@tokb=\toks35
\t@pgfplots@tokc=\toks36
\pgfplots@tmpa=\dimen166
\c@pgfplots@coordindex=\count126
\c@pgfplots@scanlineindex=\count127

(c:/texlive/2019/texmf-dist/tex/generic/pgfplots/sys/pgfplotssysgeneric.code.te
x))
(c:/texlive/2019/texmf-dist/tex/generic/pgfplots/libs/pgfplotslibrary.code.tex)

(c:/texlive/2019/texmf-dist/tex/generic/pgfplots/oldpgfcompatib/pgfplotsoldpgfs
upp_loader.code.tex
(c:/texlive/2019/texmf-dist/tex/generic/pgf/libraries/pgflibraryfpu.code.tex))
(c:/texlive/2019/texmf-dist/tex/generic/pgfplots/util/pgfplotsutil.code.tex
(c:/texlive/2019/texmf-dist/tex/generic/pgfplots/liststructure/pgfplotsliststru
cture.code.tex)
(c:/texlive/2019/texmf-dist/tex/generic/pgfplots/liststructure/pgfplotsliststru
ctureext.code.tex)
(c:/texlive/2019/texmf-dist/tex/generic/pgfplots/liststructure/pgfplotsarray.co
de.tex
\c@pgfplotsarray@tmp=\count128
)
(c:/texlive/2019/texmf-dist/tex/generic/pgfplots/liststructure/pgfplotsmatrix.c
ode.tex)
(c:/texlive/2019/texmf-dist/tex/generic/pgfplots/numtable/pgfplotstableshared.c
ode.tex
\c@pgfplotstable@counta=\count129
\t@pgfplotstable@a=\toks37
)
(c:/texlive/2019/texmf-dist/tex/generic/pgfplots/liststructure/pgfplotsdeque.co
de.tex)
(c:/texlive/2019/texmf-dist/tex/generic/pgfplots/util/pgfplotsbinary.code.tex
(c:/texlive/2019/texmf-dist/tex/generic/pgfplots/util/pgfplotsbinary.data.code.
tex))
(c:/texlive/2019/texmf-dist/tex/generic/pgfplots/util/pgfplotsutil.verb.code.te
x)
(c:/texlive/2019/texmf-dist/tex/generic/pgfplots/libs/pgflibrarypgfplots.surfsh
ading.code.tex
\c@pgfplotslibrarysurf@no=\count130

(c:/texlive/2019/texmf-dist/tex/generic/pgfplots/sys/pgflibrarypgfplots.surfsha
ding.pgfsys-pdftex.def)))
(c:/texlive/2019/texmf-dist/tex/generic/pgfplots/util/pgfplotscolormap.code.tex
(c:/texlive/2019/texmf-dist/tex/generic/pgfplots/util/pgfplotscolor.code.tex))
(c:/texlive/2019/texmf-dist/tex/generic/pgfplots/pgfplotsstackedplots.code.tex)
(c:/texlive/2019/texmf-dist/tex/generic/pgfplots/pgfplotsplothandlers.code.tex
(c:/texlive/2019/texmf-dist/tex/generic/pgfplots/pgfplotsmeshplothandler.code.t
ex
(c:/texlive/2019/texmf-dist/tex/generic/pgfplots/pgfplotsmeshplotimage.code.tex
))) (c:/texlive/2019/texmf-dist/tex/generic/pgfplots/pgfplots.scaling.code.tex)

(c:/texlive/2019/texmf-dist/tex/generic/pgfplots/pgfplotscoordprocessing.code.t
ex)
(c:/texlive/2019/texmf-dist/tex/generic/pgfplots/pgfplots.errorbars.code.tex)
(c:/texlive/2019/texmf-dist/tex/generic/pgfplots/pgfplots.markers.code.tex)
(c:/texlive/2019/texmf-dist/tex/generic/pgfplots/pgfplotsticks.code.tex)
(c:/texlive/2019/texmf-dist/tex/generic/pgfplots/pgfplots.paths.code.tex)
(c:/texlive/2019/texmf-dist/tex/generic/pgf/frontendlayer/tikz/libraries/tikzli
brarydecorations.code.tex
(c:/texlive/2019/texmf-dist/tex/generic/pgf/modules/pgfmoduledecorations.code.t
ex
\pgfdecoratedcompleteddistance=\dimen167
\pgfdecoratedremainingdistance=\dimen168
\pgfdecoratedinputsegmentcompleteddistance=\dimen169
\pgfdecoratedinputsegmentremainingdistance=\dimen170
\pgf@decorate@distancetomove=\dimen171
\pgf@decorate@repeatstate=\count131
\pgfdecorationsegmentamplitude=\dimen172
\pgfdecorationsegmentlength=\dimen173
)
\tikz@lib@dec@box=\box41
)
(c:/texlive/2019/texmf-dist/tex/generic/pgf/frontendlayer/tikz/libraries/tikzli
brarydecorations.pathmorphing.code.tex
(c:/texlive/2019/texmf-dist/tex/generic/pgf/libraries/decorations/pgflibrarydec
orations.pathmorphing.code.tex))
(c:/texlive/2019/texmf-dist/tex/generic/pgf/frontendlayer/tikz/libraries/tikzli
brarydecorations.pathreplacing.code.tex
(c:/texlive/2019/texmf-dist/tex/generic/pgf/libraries/decorations/pgflibrarydec
orations.pathreplacing.code.tex))
\pgfplots@numplots=\count132
\pgfplots@xmin@reg=\dimen174
\pgfplots@xmax@reg=\dimen175
\pgfplots@ymin@reg=\dimen176
\pgfplots@ymax@reg=\dimen177
\pgfplots@zmin@reg=\dimen178
\pgfplots@zmax@reg=\dimen179
)
(c:/texlive/2019/texmf-dist/tex/generic/pgf/frontendlayer/tikz/libraries/tikzli
braryplotmarks.code.tex
File: tikzlibraryplotmarks.code.tex 2019/08/03 v3.1.4b (3.1.4b)

(c:/texlive/2019/texmf-dist/tex/generic/pgf/libraries/pgflibraryplotmarks.code.
tex
File: pgflibraryplotmarks.code.tex 2019/08/03 v3.1.4b (3.1.4b)
))) (c:/texlive/2019/texmf-dist/tex/latex/amscls/amsthm.sty
Package: amsthm 2017/10/31 v2.20.4
\thm@style=\toks38
\thm@bodyfont=\toks39
\thm@headfont=\toks40
\thm@notefont=\toks41
\thm@headpunct=\toks42
\thm@preskip=\skip47
\thm@postskip=\skip48
\thm@headsep=\skip49
\dth@everypar=\toks43
)
(c:/texlive/2019/texmf-dist/tex/latex/mathtools/empheq.sty
Package: empheq 2017/03/31 v2.15 Emphasizing equations

(c:/texlive/2019/texmf-dist/tex/latex/mathtools/mhsetup.sty
Package: mhsetup 2017/03/31 v1.3 programming setup (MH)
)
(c:/texlive/2019/texmf-dist/tex/latex/mathtools/mathtools.sty
Package: mathtools 2019/07/31 v1.22 mathematical typesetting tools

(c:/texlive/2019/texmf-dist/tex/latex/tools/calc.sty
Package: calc 2017/05/25 v4.3 Infix arithmetic (KKT,FJ)
\calc@Acount=\count133
\calc@Bcount=\count134
\calc@Adimen=\dimen180
\calc@Bdimen=\dimen181
\calc@Askip=\skip50
\calc@Bskip=\skip51
LaTeX Info: Redefining \setlength on input line 80.
LaTeX Info: Redefining \addtolength on input line 81.
\calc@Ccount=\count135
\calc@Cskip=\skip52
)
LaTeX Info: Thecontrolsequence`\('isalreadyrobust on input line 129.
LaTeX Info: Thecontrolsequence`\)'isalreadyrobust on input line 129.
LaTeX Info: Thecontrolsequence`\['isalreadyrobust on input line 129.
LaTeX Info: Thecontrolsequence`\]'isalreadyrobust on input line 129.
\g_MT_multlinerow_int=\count136
\l_MT_multwidth_dim=\dimen182
\origjot=\skip53
\l_MT_shortvdotswithinadjustabove_dim=\dimen183
\l_MT_shortvdotswithinadjustbelow_dim=\dimen184
\l_MT_above_intertext_sep=\dimen185
\l_MT_below_intertext_sep=\dimen186
\l_MT_above_shortintertext_sep=\dimen187
\l_MT_below_shortintertext_sep=\dimen188
)
\l_EQ_equationtype_int=\count137
\l_EQ_alignmentmode_int=\count138
\l_EQ_totalwidth_dim=\dimen189
\l_EQ_displaywidth_dim=\dimen190
\l_EQ_temp_linewidth_dim=\dimen191
\EmphEqdelimitershortfall=\dimen192
\EmphEqdelimiterfactor=\count139
\g_EQ_toptag_height_dim=\dimen193
\g_EQ_bottomtag_depth_dim=\dimen194
\g_EQ_toprow_height_dim=\dimen195
\g_EQ_bottomrow_depth_dim=\dimen196
\g_EQ_widesttag_dim=\dimen197
\EQ_mathdisplay_box=\box42
\EQ_tag_box=\box43
\g_EQ_temprow_int=\count140
)
(c:/texlive/2019/texmf-dist/tex/latex/wrapfig/wrapfig.sty
\wrapoverhang=\dimen198
\WF@size=\dimen199
\c@WF@wrappedlines=\count141
\WF@box=\box44
\WF@everypar=\toks44
Package: wrapfig 2003/01/31  v 3.6
)
(c:/texlive/2019/texmf-dist/tex/latex/fancyhdr/fancyhdr.sty
Package: fancyhdr 2019/01/31 v3.10 Extensive control of page headers and footer
s
\f@nch@headwidth=\skip54
\f@nch@O@elh=\skip55
\f@nch@O@erh=\skip56
\f@nch@O@olh=\skip57
\f@nch@O@orh=\skip58
\f@nch@O@elf=\skip59
\f@nch@O@erf=\skip60
\f@nch@O@olf=\skip61
\f@nch@O@orf=\skip62
)
(c:/texlive/2019/texmf-dist/tex/latex/base/inputenc.sty
Package: inputenc 2018/08/11 v1.3c Input encoding file
\inpenc@prehook=\toks45
\inpenc@posthook=\toks46
)
(c:/texlive/2019/texmf-dist/tex/latex/base/fontenc.sty
Package: fontenc 2018/08/11 v2.0j Standard LaTeX package

(c:/texlive/2019/texmf-dist/tex/latex/base/t1enc.def
File: t1enc.def 2018/08/11 v2.0j Standard LaTeX file
LaTeX Font Info:    Redeclaring font encoding T1 on input line 48.
)
(c:/texlive/2019/texmf-dist/tex/latex/cyrillic/t2aenc.def
File: t2aenc.def 2005/09/27 v1.0i Cyrillic encoding definition file
LaTeX Font Info:    Redeclaring font encoding T2A on input line 42.
)
LaTeX Font Info:    Trying to load font information for T2A+cmr on input line 1
05.

(c:/texlive/2019/texmf-dist/tex/latex/cyrillic/t2acmr.fd
File: t2acmr.fd 2001/08/11 v1.0a Computer Modern Cyrillic font definitions
))
(c:/texlive/2019/texmf-dist/tex/latex/hyperref/hyperref.sty
Package: hyperref 2019/11/10 v7.00c Hypertext links for LaTeX

(c:/texlive/2019/texmf-dist/tex/generic/oberdiek/ltxcmds.sty
Package: ltxcmds 2016/05/16 v1.23 LaTeX kernel commands for general use (HO)
)
(c:/texlive/2019/texmf-dist/tex/generic/iftex/iftex.sty
Package: iftex 2019/11/07 v1.0c TeX engine tests
)
(c:/texlive/2019/texmf-dist/tex/latex/pdftexcmds/pdftexcmds.sty
Package: pdftexcmds 2019/11/24 v0.31 Utility functions of pdfTeX for LuaTeX (HO
)

(c:/texlive/2019/texmf-dist/tex/generic/infwarerr/infwarerr.sty
Package: infwarerr 2019/12/03 v1.5 Providing info/warning/error messages (HO)
)
Package pdftexcmds Info: \pdf@primitive is available.
Package pdftexcmds Info: \pdf@ifprimitive is available.
Package pdftexcmds Info: \pdfdraftmode found.
)
(c:/texlive/2019/texmf-dist/tex/generic/oberdiek/kvsetkeys.sty
Package: kvsetkeys 2016/05/16 v1.17 Key value parser (HO)

(c:/texlive/2019/texmf-dist/tex/generic/oberdiek/etexcmds.sty
Package: etexcmds 2016/05/16 v1.6 Avoid name clashes with e-TeX commands (HO)

(c:/texlive/2019/texmf-dist/tex/generic/iftex/ifluatex.sty
Package: ifluatex 2019/10/25 v1.5 ifluatex legacy package. Use iftex instead.
)))
(c:/texlive/2019/texmf-dist/tex/generic/oberdiek/kvdefinekeys.sty
Package: kvdefinekeys 2016/05/16 v1.4 Define keys (HO)
)
(c:/texlive/2019/texmf-dist/tex/generic/pdfescape/pdfescape.sty
Package: pdfescape 2019/12/09 v1.15 Implements pdfTeX's escape features (HO)
)
(c:/texlive/2019/texmf-dist/tex/latex/oberdiek/hycolor.sty
Package: hycolor 2016/05/16 v1.8 Color options for hyperref/bookmark (HO)

(c:/texlive/2019/texmf-dist/tex/latex/oberdiek/xcolor-patch.sty
Package: xcolor-patch 2016/05/16 xcolor patch

(c:/texlive/2019/texmf-dist/tex/latex/oberdiek/hopatch.sty
Package: hopatch 2016/05/16 v1.3 Wrapper for package hooks (HO)
)))
(c:/texlive/2019/texmf-dist/tex/latex/letltxmacro/letltxmacro.sty
Package: letltxmacro 2019/12/03 v1.6 Let assignment for LaTeX macros (HO)
)
(c:/texlive/2019/texmf-dist/tex/latex/oberdiek/auxhook.sty
Package: auxhook 2016/05/16 v1.4 Hooks for auxiliary files (HO)
)
(c:/texlive/2019/texmf-dist/tex/latex/kvoptions/kvoptions.sty
Package: kvoptions 2019/11/29 v3.13 Key value format for package options (HO)
)
\@linkdim=\dimen256
\Hy@linkcounter=\count142
\Hy@pagecounter=\count143

(c:/texlive/2019/texmf-dist/tex/latex/hyperref/pd1enc.def
File: pd1enc.def 2019/11/10 v7.00c Hyperref: PDFDocEncoding definition (HO)
Now handling font encoding PD1 ...
... no UTF-8 mapping file for font encoding PD1
)
(c:/texlive/2019/texmf-dist/tex/generic/oberdiek/intcalc.sty
Package: intcalc 2016/05/16 v1.2 Expandable calculations with integers (HO)
)
\Hy@SavedSpaceFactor=\count144
Package hyperref Info: Option `unicode' set `true' on input line 3490.

(c:/texlive/2019/texmf-dist/tex/latex/hyperref/puenc.def
File: puenc.def 2019/11/10 v7.00c Hyperref: PDF Unicode definition (HO)
Now handling font encoding PU ...
... no UTF-8 mapping file for font encoding PU
)
(c:/texlive/2019/texmf-dist/tex/latex/latexconfig/hyperref.cfg
File: hyperref.cfg 2002/06/06 v1.2 hyperref configuration of TeXLive
)
Package hyperref Info: Hyper figures OFF on input line 4535.
Package hyperref Info: Link nesting OFF on input line 4540.
Package hyperref Info: Hyper index ON on input line 4543.
Package hyperref Info: Plain pages OFF on input line 4550.
Package hyperref Info: Backreferencing OFF on input line 4555.
Package hyperref Info: Implicit mode ON; LaTeX internals redefined.
Package hyperref Info: Bookmarks ON on input line 4788.
\c@Hy@tempcnt=\count145

(c:/texlive/2019/texmf-dist/tex/latex/url/url.sty
\Urlmuskip=\muskip11
Package: url 2013/09/16  ver 3.4  Verb mode for urls, etc.
)
LaTeX Info: Redefining \url on input line 5147.
\XeTeXLinkMargin=\dimen257

(c:/texlive/2019/texmf-dist/tex/generic/bitset/bitset.sty
Package: bitset 2019/12/09 v1.3 Handle bit-vector datatype (HO)

(c:/texlive/2019/texmf-dist/tex/generic/oberdiek/bigintcalc.sty
Package: bigintcalc 2016/05/16 v1.4 Expandable calculations on big integers (HO
)
))
\Fld@menulength=\count146
\Field@Width=\dimen258
\Fld@charsize=\dimen259
Package hyperref Info: Hyper figures OFF on input line 6418.
Package hyperref Info: Link nesting OFF on input line 6423.
Package hyperref Info: Hyper index ON on input line 6426.
Package hyperref Info: backreferencing OFF on input line 6433.
Package hyperref Info: Link coloring OFF on input line 6438.
Package hyperref Info: Link coloring with OCG OFF on input line 6443.
Package hyperref Info: PDF/A mode OFF on input line 6448.
LaTeX Info: Redefining \ref on input line 6488.
LaTeX Info: Redefining \pageref on input line 6492.

(c:/texlive/2019/texmf-dist/tex/generic/atbegshi/atbegshi.sty
Package: atbegshi 2019/12/05 v1.19 At begin shipout hook (HO)
)
\Hy@abspage=\count147
\c@Item=\count148
\c@Hfootnote=\count149
)
Package hyperref Info: Driver (autodetected): hpdftex.

(c:/texlive/2019/texmf-dist/tex/latex/hyperref/hpdftex.def
File: hpdftex.def 2019/11/10 v7.00c Hyperref driver for pdfTeX

(c:/texlive/2019/texmf-dist/tex/latex/atveryend/atveryend.sty
Package: atveryend 2019/12/05 v1.10 Hooks at the very end of document (HO)
Package atveryend Info: \enddocument detected (standard20110627).
)
\Fld@listcount=\count150
\c@bookmark@seq@number=\count151

(c:/texlive/2019/texmf-dist/tex/latex/rerunfilecheck/rerunfilecheck.sty
Package: rerunfilecheck 2019/12/05 v1.9 Rerun checks for auxiliary files (HO)

(c:/texlive/2019/texmf-dist/tex/generic/oberdiek/uniquecounter.sty
Package: uniquecounter 2016/05/16 v1.3 Provide unlimited unique counter (HO)
)
Package uniquecounter Info: New unique counter `rerunfilecheck' on input line 2
86.
)
\Hy@SectionHShift=\skip63
)
(c:/texlive/2019/texmf-dist/tex/latex/caption/subcaption.sty
Package: subcaption 2019/09/01 v1.3a Sub-captions (AR)

(c:/texlive/2019/texmf-dist/tex/latex/caption/caption.sty
Package: caption 2019/10/18 v3.4a Customizing captions (AR)

(c:/texlive/2019/texmf-dist/tex/latex/caption/caption3.sty
Package: caption3 2019/09/09 v1.8e caption3 kernel (AR)
Package caption3 Info: TeX engine: e-TeX on input line 64.
\captionmargin=\dimen260
\captionmargin@=\dimen261
\captionwidth=\dimen262
\caption@tempdima=\dimen263
\caption@indent=\dimen264
\caption@parindent=\dimen265
\caption@hangindent=\dimen266
Package caption Info: Standard document class detected.
)
\c@caption@flags=\count152
\c@continuedfloat=\count153
Package caption Info: hyperref package is loaded.
Package caption Info: wrapfig package is loaded.
)
\c@subfigure=\count154
\c@subtable=\count155
)
(c:/texlive/2019/texmf-dist/tex/generic/pgf/frontendlayer/tikz/libraries/tikzli
brarypatterns.code.tex
File: tikzlibrarypatterns.code.tex 2019/08/03 v3.1.4b (3.1.4b)

(c:/texlive/2019/texmf-dist/tex/generic/pgf/libraries/pgflibrarypatterns.code.t
ex
File: pgflibrarypatterns.code.tex 2019/08/03 v3.1.4b (3.1.4b)
))
Package hyperref Info: Option `colorlinks' set `false' on input line 27.
\c@thm=\count156
 (./math_sem1.aux

LaTeX Warning: Label `eq:*' multiply defined.


LaTeX Warning: Label `eq:*' multiply defined.


LaTeX Warning: Label `eq:*' multiply defined.


LaTeX Warning: Label `eq:*' multiply defined.


LaTeX Warning: Label `eq:*' multiply defined.


LaTeX Warning: Label `eq:*' multiply defined.


LaTeX Warning: Label `eq:*' multiply defined.


LaTeX Warning: Label `eq:*' multiply defined.


LaTeX Warning: Label `eq:*' multiply defined.


LaTeX Warning: Label `eq:*' multiply defined.


LaTeX Warning: Label `eq:*' multiply defined.


LaTeX Warning: Label `eq:*' multiply defined.


LaTeX Warning: Label `eq:*' multiply defined.


LaTeX Warning: Label `eq:*' multiply defined.


LaTeX Warning: Label `eq:*' multiply defined.


LaTeX Warning: Label `eq:*' multiply defined.


LaTeX Warning: Label `eq:*' multiply defined.


LaTeX Warning: Label `eq:*' multiply defined.


LaTeX Warning: Label `eq:*' multiply defined.


LaTeX Warning: Label `eq:*' multiply defined.


LaTeX Warning: Label `eq:*' multiply defined.


LaTeX Warning: Label `eq:*' multiply defined.


LaTeX Warning: Label `eq:*' multiply defined.


LaTeX Warning: Label `eq:*' multiply defined.


LaTeX Warning: Label `eq:*' multiply defined.


LaTeX Warning: Label `eq:*' multiply defined.


LaTeX Warning: Label `eq:*' multiply defined.


LaTeX Warning: Label `eq:*' multiply defined.

)
\openout1 = `math_sem1.aux'.

LaTeX Font Info:    Checking defaults for OML/cmm/m/it on input line 37.
LaTeX Font Info:    ... okay on input line 37.
LaTeX Font Info:    Checking defaults for T1/cmr/m/n on input line 37.
LaTeX Font Info:    ... okay on input line 37.
LaTeX Font Info:    Checking defaults for OT1/cmr/m/n on input line 37.
LaTeX Font Info:    ... okay on input line 37.
LaTeX Font Info:    Checking defaults for OMS/cmsy/m/n on input line 37.
LaTeX Font Info:    ... okay on input line 37.
LaTeX Font Info:    Checking defaults for OMX/cmex/m/n on input line 37.
LaTeX Font Info:    ... okay on input line 37.
LaTeX Font Info:    Checking defaults for U/cmr/m/n on input line 37.
LaTeX Font Info:    ... okay on input line 37.
LaTeX Font Info:    Checking defaults for T2A/cmr/m/n on input line 37.
LaTeX Font Info:    ... okay on input line 37.
LaTeX Font Info:    Checking defaults for PD1/pdf/m/n on input line 37.
LaTeX Font Info:    ... okay on input line 37.
LaTeX Font Info:    Checking defaults for PU/pdf/m/n on input line 37.
LaTeX Font Info:    ... okay on input line 37.
 ABD: EveryShipout initializing macros
(c:/texlive/2019/texmf-dist/tex/context/base/mkii/supp-pdf.mkii
[Loading MPS to PDF converter (version 2006.09.02).]
\scratchcounter=\count157
\scratchdimen=\dimen267
\scratchbox=\box45
\nofMPsegments=\count158
\nofMParguments=\count159
\everyMPshowfont=\toks47
\MPscratchCnt=\count160
\MPscratchDim=\dimen268
\MPnumerator=\count161
\makeMPintoPDFobject=\count162
\everyMPtoPDFconversion=\toks48
) (c:/texlive/2019/texmf-dist/tex/latex/epstopdf-pkg/epstopdf-base.sty
Package: epstopdf-base 2019-12-09 v2.10 Base part for package epstopdf
Package epstopdf-base Info: Redefining graphics rule for `.eps' on input line 4
85.

(c:/texlive/2019/texmf-dist/tex/latex/latexconfig/epstopdf-sys.cfg
File: epstopdf-sys.cfg 2010/07/13 v1.3 Configuration of (r)epstopdf for TeX Liv
e
))
Package pgfplots notification 'compat/show suggested version=true': you might b
enefit from \pgfplotsset{compat=1.16} (current compat level: 1.5).

\AtBeginShipoutBox=\box46
Package hyperref Info: Link coloring OFF on input line 37.
(c:/texlive/2019/texmf-dist/tex/latex/hyperref/nameref.sty
Package: nameref 2019/09/16 v2.46 Cross-referencing by name of section

(c:/texlive/2019/texmf-dist/tex/latex/oberdiek/refcount.sty
Package: refcount 2016/05/16 v3.5 Data extraction from label references (HO)
)
(c:/texlive/2019/texmf-dist/tex/generic/oberdiek/gettitlestring.sty
Package: gettitlestring 2016/05/16 v1.5 Cleanup title references (HO)
)
\c@section@level=\count163
)
LaTeX Info: Redefining \ref on input line 37.
LaTeX Info: Redefining \pageref on input line 37.
LaTeX Info: Redefining \nameref on input line 37.

(./math_sem1.out) (./math_sem1.out)
\@outlinefile=\write4
\openout4 = `math_sem1.out'.

Package caption Info: Begin \AtBeginDocument code.
Package caption Info: End \AtBeginDocument code.
LaTeX Font Info:    Trying to load font information for U+msa on input line 40.


(c:/texlive/2019/texmf-dist/tex/latex/amsfonts/umsa.fd
File: umsa.fd 2013/01/14 v3.01 AMS symbols A
)
LaTeX Font Info:    Trying to load font information for U+msb on input line 40.


(c:/texlive/2019/texmf-dist/tex/latex/amsfonts/umsb.fd
File: umsb.fd 2013/01/14 v3.01 AMS symbols B
) [1


{c:/texlive/2019/texmf-var/fonts/map/pdftex/updmap/pdftex.map}] (./math_sem1.to
cpdfTeX warning (ext4): destination with the same identifier (name{page.1}) has
 been already used, duplicate ignored
<to be read again> 
                   \relax 
l.28 ...rline {9.3}Р§РёСЃР»Рѕ Рµ}{23}{section.9.3}
                                                  % [1

]
Overfull \hbox (3.22122pt too wide) in paragraph at lines 37--37
 [] [][]\T2A/cmr/bx/n/10 Непрерывность эле-мен-тар-ных функ-ций. За-ме-ча-тель-
ные пре- 
 []

[2])
\tf@toc=\write5
\openout5 = `math_sem1.toc'.

 [3]
{\cyrillictext \CYRG \cyrl \cyra \cyrv \cyra } 1.

! LaTeX Error: \begin{enumerate} on input line 46 ended by \end{enumarate}.

See the LaTeX manual or LaTeX Companion for explanation.
Type  H <return>  for immediate help.
 ...                                              
                                                  
l.54 \end{enumarate}
                    
Your command was ignored.
Type  I <command> <return>  to replace it with another command,
or  <return>  to continue without it.

[4

]pdfTeX warning (ext4): destination with the same identifier (name{chapter.1}) 
has been already used, duplicate ignored
<to be read again> 
                   \relax 
l.57 ...јРµРЅС‚С‹ С‚РµРѕСЂС‚РёРё РњРЅРѕР¶РµСЃС‚РІ}
                                                  
{\cyrillictext \CYRG \cyrl \cyra \cyrv \cyra } 1.

Underfull \hbox (badness 10000) in paragraph at lines 60--62

 []

[5

] [6]
{\cyrillictext \CYRG \cyrl \cyra \cyrv \cyra } 2.
[7

]
Overfull \hbox (99.84491pt too wide) in paragraph at lines 199--200
[][] 
 []

[8]
NOTE: coordinate (2Y5.0e0],3Y0.0e0]) has been dropped because it is unbounded (
in y). (see also unbounded coords=jump). 
NOTE: coordinate (2Y4.58334e0],3Y0.0e0]) has been dropped because it is unbound
ed (in y). (see also unbounded coords=jump). 
NOTE: coordinate (2Y4.16668e0],3Y0.0e0]) has been dropped because it is unbound
ed (in y). (see also unbounded coords=jump). 
NOTE: coordinate (2Y3.75002e0],3Y0.0e0]) has been dropped because it is unbound
ed (in y). (see also unbounded coords=jump). 
NOTE: coordinate (2Y3.33336e0],3Y0.0e0]) has been dropped because it is unbound
ed (in y). (see also unbounded coords=jump). 
NOTE: coordinate (2Y2.9167e0],3Y0.0e0]) has been dropped because it is unbounde
d (in y). (see also unbounded coords=jump). 
NOTE: coordinate (2Y2.50004e0],3Y0.0e0]) has been dropped because it is unbound
ed (in y). (see also unbounded coords=jump). 
NOTE: coordinate (2Y2.08338e0],3Y0.0e0]) has been dropped because it is unbound
ed (in y). (see also unbounded coords=jump). 
NOTE: coordinate (2Y1.66672e0],3Y0.0e0]) has been dropped because it is unbound
ed (in y). (see also unbounded coords=jump). 
NOTE: coordinate (2Y1.25006e0],3Y0.0e0]) has been dropped because it is unbound
ed (in y). (see also unbounded coords=jump). 
NOTE: coordinate (2Y8.334e-1],3Y0.0e0]) has been dropped because it is unbounde
d (in y). (see also unbounded coords=jump). 
NOTE: coordinate (2Y4.1673999e-1],3Y0.0e0]) has been dropped because it is unbo
unded (in y). (see also unbounded coords=jump). 
NOTE: coordinate (2Y7.999e-5],3Y0.0e0]) has been dropped because it is unbounde
d (in y). (see also unbounded coords=jump). 
NOTE: coordinate (2Y5.0e0],3Y0.0e0]) has been dropped because it is unbounded (
in y). (see also unbounded coords=jump). 
NOTE: coordinate (2Y4.58334e0],3Y0.0e0]) has been dropped because it is unbound
ed (in y). (see also unbounded coords=jump). 
NOTE: coordinate (2Y4.16668e0],3Y0.0e0]) has been dropped because it is unbound
ed (in y). (see also unbounded coords=jump). 
NOTE: coordinate (2Y3.75002e0],3Y0.0e0]) has been dropped because it is unbound
ed (in y). (see also unbounded coords=jump). 
NOTE: coordinate (2Y3.33336e0],3Y0.0e0]) has been dropped because it is unbound
ed (in y). (see also unbounded coords=jump). 
NOTE: coordinate (2Y2.9167e0],3Y0.0e0]) has been dropped because it is unbounde
d (in y). (see also unbounded coords=jump). 
NOTE: coordinate (2Y2.50004e0],3Y0.0e0]) has been dropped because it is unbound
ed (in y). (see also unbounded coords=jump). 
NOTE: coordinate (2Y2.08338e0],3Y0.0e0]) has been dropped because it is unbound
ed (in y). (see also unbounded coords=jump). 
NOTE: coordinate (2Y1.66672e0],3Y0.0e0]) has been dropped because it is unbound
ed (in y). (see also unbounded coords=jump). 
NOTE: coordinate (2Y1.25006e0],3Y0.0e0]) has been dropped because it is unbound
ed (in y). (see also unbounded coords=jump). 
NOTE: coordinate (2Y8.334e-1],3Y0.0e0]) has been dropped because it is unbounde
d (in y). (see also unbounded coords=jump). 
NOTE: coordinate (2Y4.1673999e-1],3Y0.0e0]) has been dropped because it is unbo
unded (in y). (see also unbounded coords=jump). 
NOTE: coordinate (2Y7.999e-5],3Y0.0e0]) has been dropped because it is unbounde
d (in y). (see also unbounded coords=jump). 

Overfull \hbox (105.40854pt too wide) in paragraph at lines 204--232
[] [] 
 []


Overfull \hbox (88.69795pt too wide) in paragraph at lines 204--232
[] []
 []

[9] [10]
{\cyrillictext \CYRG \cyrl \cyra \cyrv \cyra } 3.

LaTeX Warning: Command \CYRM invalid in math mode on input line 244.

Missing character: There is no М in font cmr10!

Overfull \hbox (17.68355pt too wide) in paragraph at lines 243--245
\T2A/cmr/bx/n/10 лен-ных от дан-ной фик-си-ро-ван-ной точ-ки, на-зы-ва-е-мой це
н-тром окруж-
 []

[11

] [12] [13]
{\cyrillictext \CYRG \cyrl \cyra \cyrv \cyra } 4.

Overfull \hbox (7.76749pt too wide) in paragraph at lines 340--341
[]$\OT1/cmr/m/n/10 (\OML/cmm/m/it/10 a \OT1/cmr/m/n/10 + \OML/cmm/m/it/10 b\OT1
/cmr/m/n/10 )[] = (\OML/cmm/m/it/10 a \OT1/cmr/m/n/10 + \OML/cmm/m/it/10 b\OT1/
cmr/m/n/10 )[](\OML/cmm/m/it/10 a \OT1/cmr/m/n/10 + \OML/cmm/m/it/10 b\OT1/cmr/
m/n/10 ) = ([] \OML/cmm/m/it/10 C[]a[]b[]\OT1/cmr/m/n/10 )(\OML/cmm/m/it/10 a \
OT1/cmr/m/n/10 + \OML/cmm/m/it/10 b\OT1/cmr/m/n/10 ) = [] \OML/cmm/m/it/10 C[]a
[]b[] \OT1/cmr/m/n/10 +
 []


Overfull \hbox (6.98465pt too wide) in paragraph at lines 343--344
\OML/cmm/m/it/10 C[] \OT1/cmr/m/n/10 + \OML/cmm/m/it/10 C[] \OT1/cmr/m/n/10 = [
] + [] = [] = [] =
 []

[14

]
Overfull \hbox (11.21756pt too wide) in paragraph at lines 349--350
[]$\OML/cmm/m/it/10 C[]a[]b[] \OT1/cmr/m/n/10 + [] \OML/cmm/m/it/10 C[]a[]b[] \
OT1/cmr/m/n/10 + \OML/cmm/m/it/10 C[]a[]b[] \OT1/cmr/m/n/10 = [] \OML/cmm/m/it/
10 C[]a[]b[]$ 
 []

[15]
{\cyrillictext \CYRG \cyrl \cyra \cyrv \cyra } 5.
[16

]
{\cyrillictext \CYRG \cyrl \cyra \cyrv \cyra } 6.
[17

]

Package Fancyhdr Warning: \headheight is too small (12.0pt): 
Make it at least 12.51453pt.
We now make it that large for the rest of the document.
This may cause the page layout to be inconsistent, however.

[18] [19]
{\cyrillictext \CYRG \cyrl \cyra \cyrv \cyra } 7.
[20

]
{\cyrillictext \CYRG \cyrl \cyra \cyrv \cyra } 8.
[21

]
{\cyrillictext \CYRG \cyrl \cyra \cyrv \cyra } 9.

Underfull \hbox (badness 10000) in paragraph at lines 459--460

 []


LaTeX Warning: Command \cyru invalid in math mode on input line 471.


LaTeX Warning: Command \cyrb invalid in math mode on input line 471.


LaTeX Warning: Command \cyrery invalid in math mode on input line 471.


LaTeX Warning: Command \cyrv invalid in math mode on input line 471.


LaTeX Warning: Command \cyra invalid in math mode on input line 471.


LaTeX Warning: Command \cyryu invalid in math mode on input line 471.


LaTeX Warning: Command \cyrshch invalid in math mode on input line 471.


LaTeX Warning: Command \cyra invalid in math mode on input line 471.


LaTeX Warning: Command \cyrya invalid in math mode on input line 471.

Missing character: There is no у in font cmr10!
Missing character: There is no б in font cmr10!
Missing character: There is no ы in font cmr10!
Missing character: There is no в in font cmr10!
Missing character: There is no а in font cmr10!
Missing character: There is no ю in font cmr10!
Missing character: There is no щ in font cmr10!
Missing character: There is no а in font cmr10!
Missing character: There is no я in font cmr10!
[22

] [23]
{\cyrillictext \CYRG \cyrl \cyra \cyrv \cyra } 10.
[24

]
{\cyrillictext \CYRG \cyrl \cyra \cyrv \cyra } 11.

Overfull \hbox (1.07397pt too wide) in paragraph at lines 490--490
[]\T2A/cmr/bx/n/14.4 Бесконечный пре-дел, Пре-дел на бес-ко-неч-
 []

LaTeX Font Info:    Trying to load font information for OMS+cmr on input line 4
92.
(c:/texlive/2019/texmf-dist/tex/latex/base/omscmr.fd
File: omscmr.fd 2014/09/29 v2.5h Standard LaTeX font definitions
)
LaTeX Font Info:    Font shape `OMS/cmr/m/n' in size <10> not available
(Font)              Font shape `OMS/cmsy/m/n' tried instead on input line 492.

Overfull \hbox (114.8951pt too wide) in paragraph at lines 528--529
[][] 
 []

[25

]

Package Fancyhdr Warning: \headheight is too small (12.51453pt): 
Make it at least 22.4317pt.
We now make it that large for the rest of the document.
This may cause the page layout to be inconsistent, however.

[26]
{\cyrillictext \CYRG \cyrl \cyra \cyrv \cyra } 12.
[27

]
{\cyrillictext \CYRG \cyrl \cyra \cyrv \cyra } 13.

Overfull \hbox (17.40475pt too wide) in paragraph at lines 534--543
\OMS/cmsy/m/n/10 U[]$ \T2A/cmr/m/n/10 и при этом $[][] []$
 []

[28

]
Overfull \hbox (37.17278pt too wide) in paragraph at lines 577--579
\T2A/cmr/m/n/10 ции в точ-ке, это точ-ка устра-ни-мо-го раз-ры-ва. $\OML/cmm/m/
it/10 lim[][] \OT1/cmr/m/n/10 = \OML/cmm/m/it/10 lim[][] \OMS/cmsy/m/n/10 6\OT1
/cmr/m/n/10 =
 []


Overfull \hbox (63.0058pt too wide) in paragraph at lines 601--624
[][] [] 
 []

[29]

Package hyperref Warning: Token not allowed in a PDF string (Unicode):
(hyperref)                removing `math shift' on input line 624.


Package hyperref Warning: Token not allowed in a PDF string (Unicode):
(hyperref)                removing `\forall' on input line 624.


Package hyperref Warning: Token not allowed in a PDF string (Unicode):
(hyperref)                removing `\in' on input line 624.


Package hyperref Warning: Token not allowed in a PDF string (Unicode):
(hyperref)                removing `math shift' on input line 624.

[30]
{\cyrillictext \CYRG \cyrl \cyra \cyrv \cyra } 14.
[31

]

Package Fancyhdr Warning: \headheight is too small (22.4317pt): 
Make it at least 24.51453pt.
We now make it that large for the rest of the document.
This may cause the page layout to be inconsistent, however.

[32]
{\cyrillictext \CYRG \cyrl \cyra \cyrv \cyra } 15.

LaTeX Font Warning: Command \LARGE invalid in math mode on input line 688.


Overfull \hbox (5.09053pt too wide) in paragraph at lines 686--691
[][]$ \T2A/cmr/m/n/10 то-гда
 []

LaTeX Font Info:    Font shape `OMS/cmr/m/it' in size <10> not available
(Font)              Font shape `OMS/cmsy/m/n' tried instead on input line 699.

Underfull \hbox (badness 10000) in paragraph at lines 703--704

 []

[33

] [34]
{\cyrillictext \CYRG \cyrl \cyra \cyrv \cyra } 16.
[35

]
{\cyrillictext \CYRG \cyrl \cyra \cyrv \cyra } 17.

Overfull \hbox (9.13028pt too wide) in paragraph at lines 726--731
\T2A/cmr/m/it/10 Имеется $\OT1/cmr/m/n/10 [\OML/cmm/m/it/10 a\OT1/cmr/m/n/10 ; 
\OML/cmm/m/it/10 b\OT1/cmr/m/n/10 ]$ \T2A/cmr/m/it/10 и со-во-куп-ность вло-жен
-ных от-рез-ков $\OT1/cmr/m/n/10 [\OML/cmm/m/it/10 a\OT1/cmr/m/n/10 ; \OML/cmm/
m/it/10 b\OT1/cmr/m/n/10 ] \OMS/cmsy/m/n/10 ^^[ \OT1/cmr/m/n/10 [\OML/cmm/m/it/
10 a[]\OT1/cmr/m/n/10 ; \OML/cmm/m/it/10 b[]\OT1/cmr/m/n/10 ] \OMS/cmsy/m/n/10 
^^[ \OT1/cmr/m/n/10 [\OML/cmm/m/it/10 a[]\OT1/cmr/m/n/10 ; \OML/cmm/m/it/10 b[]
\OT1/cmr/m/n/10 ] \OMS/cmsy/m/n/10 ^^[
 []


Underfull \hbox (badness 10000) in paragraph at lines 735--740

 []

[36

] [37]
{\cyrillictext \CYRG \cyrl \cyra \cyrv \cyra } 18.
[38

]
{\cyrillictext \CYRG \cyrl \cyra \cyrv \cyra } 19.

Overfull \hbox (2.75172pt too wide) in paragraph at lines 781--784
\T2A/cmr/m/n/10 ству-ют, на-зы-ва-ют-ся од-но-сто-рон-ни-ми про-из-вод-ны-ми и 
обо-зна-ча-ют-ся $\OML/cmm/m/it/10 f[]\OT1/cmr/m/n/10 (\OML/cmm/m/it/10 x[]\OT1
/cmr/m/n/10 )$
 []

[39

] [40] [41]
{\cyrillictext \CYRG \cyrl \cyra \cyrv \cyra } 20.
[42

]
{\cyrillictext \CYRG \cyrl \cyra \cyrv \cyra } 21.
[43

] [44]
{\cyrillictext \CYRG \cyrl \cyra \cyrv \cyra } 22.

LaTeX Font Warning: Command \large invalid in math mode on input line 914.


Underfull \hbox (badness 10000) in paragraph at lines 916--917

 []


Underfull \hbox (badness 10000) in paragraph at lines 917--917

 []

[45

]
Underfull \hbox (badness 10000) in paragraph at lines 925--926

 []


Underfull \hbox (badness 10000) in paragraph at lines 930--931

 []


Underfull \hbox (badness 10000) in paragraph at lines 931--933

 []

! Double subscript.
l.939 ...\approx \vert_{x_0 \approx 1 = \sqrt{x}}_
                                                  {\vert_{x = 1}} $$ \\
I treat `x_1_2' essentially like `x_1{}_2'.


Underfull \hbox (badness 10000) in paragraph at lines 939--940

 []


Underfull \hbox (badness 10000) in paragraph at lines 941--942

 []

! Extra }, or forgotten $.
l.949 ...»СЏ РјРёРЅ. СЌРєСЃС‚СЂ $f(x_0) \geq f(x)}
                                                  $
I've deleted a group-closing symbol because it seems to be
spurious, as in `$x}$'. But perhaps the } is legitimate and
you forgot something else, as in `\hbox{$x}'. In such cases
the way to recover is to insert both the forgotten and the
deleted material, e.g., by typing `I$}'.


Overfull \hbox (4.42403pt too wide) in paragraph at lines 951--953
[]\T2A/cmr/m/n/10 Если $\OML/cmm/m/it/10 x[]$ \T2A/cmr/m/n/10 - точ-ка ло-каль-
но-го мак-си-му-ма функ-ции $\OML/cmm/m/it/10 f\OT1/cmr/m/n/10 (\OML/cmm/m/it/1
0 x\OT1/cmr/m/n/10 )$\T2A/cmr/m/n/10 ,
 []

[46]
Underfull \hbox (badness 10000) in paragraph at lines 955--955

 []

[47]
! Missing $ inserted.
<inserted text> 
                $
l.1014 
       
I've inserted a begin-math/end-math symbol since I think
you left one out. Proceed, with fingers crossed.

! Missing } inserted.
<inserted text> 
                }
l.1014 
       
I've inserted something that you may have forgotten.
(See the <inserted text> above.)
With luck, this will get me unwedged. But if you
really didn't forget anything, try typing `2' now; then
my insertion and my current dilemma will both disappear.

! Display math should end with $$.
<to be read again> 
                   \@@par 
l.1014 
       
The `$' that I just saw supposedly matches a previous `$$'.
So I shall assume that you typed `$$' both times.

! Extra }, or forgotten \endgroup.
\par ...m \@noitemerr {\@@par }\fi \else {\@@par }
                                                  \fi 
l.1014 
       
I've deleted a group-closing symbol because it seems to be
spurious, as in `$x}$'. But perhaps the } is legitimate and
you forgot something else, as in `\hbox{$x}'. In such cases
the way to recover is to insert both the forgotten and the
deleted material, e.g., by typing `I$}'.

! Missing $ inserted.
<inserted text> 
                $
l.1015       F'(c) = 0 \Leftrightarrow
                                       f(c) - \frac{f(b)-f(a)}{g(b) - g(a)} ...
I've inserted a begin-math/end-math symbol since I think
you left one out. Proceed, with fingers crossed.


! LaTeX Error: Command \end{proof} invalid in math mode.

See the LaTeX manual or LaTeX Companion for explanation.
Type  H <return>  for immediate help.
 ...                                              
                                                  
l.1017   \end{proof}
                    
Try typing  <return>  to proceed.
If that doesn't work, type  X <return>  to quit.


! LaTeX Error: Something's wrong--perhaps a missing \item.

See the LaTeX manual or LaTeX Companion for explanation.
Type  H <return>  for immediate help.
 ...                                              
                                                  
l.1017   \end{proof}
                    
Try typing  <return>  to proceed.
If that doesn't work, type  X <return>  to quit.


! LaTeX Error: Something's wrong--perhaps a missing \item.

See the LaTeX manual or LaTeX Companion for explanation.
Type  H <return>  for immediate help.
 ...                                              
                                                  
l.1017   \end{proof}
                    
Try typing  <return>  to proceed.
If that doesn't work, type  X <return>  to quit.

! Missing $ inserted.
<inserted text> 
                $
l.1017   \end{proof}
                    
I've inserted something that you may have forgotten.
(See the <inserted text> above.)
With luck, this will get me unwedged. But if you
really didn't forget anything, try typing `2' now; then
my insertion and my current dilemma will both disappear.

[48]
{\cyrillictext \CYRG \cyrl \cyra \cyrv \cyra } 23.
[49

]
{\cyrillictext \CYRG \cyrl \cyra \cyrv \cyra } 24.
[50

]
{\cyrillictext \CYRG \cyrl \cyra \cyrv \cyra } 25.
! Extra }, or forgotten $.
l.1037 ...СЏ РјРёРЅ. СЌРєСЃС‚СЂ $f(x_0) \geq f(x)}
                                                  $
I've deleted a group-closing symbol because it seems to be
spurious, as in `$x}$'. But perhaps the } is legitimate and
you forgot something else, as in `\hbox{$x}'. In such cases
the way to recover is to insert both the forgotten and the
deleted material, e.g., by typing `I$}'.


Overfull \hbox (4.42403pt too wide) in paragraph at lines 1039--1041
[]\T2A/cmr/m/n/10 Если $\OML/cmm/m/it/10 x[]$ \T2A/cmr/m/n/10 - точ-ка ло-каль-
но-го мак-си-му-ма функ-ции $\OML/cmm/m/it/10 f\OT1/cmr/m/n/10 (\OML/cmm/m/it/1
0 x\OT1/cmr/m/n/10 )$\T2A/cmr/m/n/10 ,
 []


Underfull \hbox (badness 10000) in paragraph at lines 1043--1043

 []

[51

] [52]
{\cyrillictext \CYRG \cyrl \cyra \cyrv \cyra } 26.
[53

]
! Missing $ inserted.
<inserted text> 
                $
l.1104 
       
I've inserted a begin-math/end-math symbol since I think
you left one out. Proceed, with fingers crossed.

! Missing } inserted.
<inserted text> 
                }
l.1104 
       
I've inserted something that you may have forgotten.
(See the <inserted text> above.)
With luck, this will get me unwedged. But if you
really didn't forget anything, try typing `2' now; then
my insertion and my current dilemma will both disappear.

! Display math should end with $$.
<to be read again> 
                   \@@par 
l.1104 
       
The `$' that I just saw supposedly matches a previous `$$'.
So I shall assume that you typed `$$' both times.

! Extra }, or forgotten \endgroup.
\par ...m \@noitemerr {\@@par }\fi \else {\@@par }
                                                  \fi 
l.1104 
       
I've deleted a group-closing symbol because it seems to be
spurious, as in `$x}$'. But perhaps the } is legitimate and
you forgot something else, as in `\hbox{$x}'. In such cases
the way to recover is to insert both the forgotten and the
deleted material, e.g., by typing `I$}'.

! Missing $ inserted.
<inserted text> 
                $
l.1105       F'(c) = 0 \Leftrightarrow
                                       f(c) - \frac{f(b)-f(a)}{g(b) - g(a)} ...
I've inserted a begin-math/end-math symbol since I think
you left one out. Proceed, with fingers crossed.


! LaTeX Error: Command \end{proof} invalid in math mode.

See the LaTeX manual or LaTeX Companion for explanation.
Type  H <return>  for immediate help.
 ...                                              
                                                  
l.1107   \end{proof}
                    
Try typing  <return>  to proceed.
If that doesn't work, type  X <return>  to quit.


! LaTeX Error: Something's wrong--perhaps a missing \item.

See the LaTeX manual or LaTeX Companion for explanation.
Type  H <return>  for immediate help.
 ...                                              
                                                  
l.1107   \end{proof}
                    
Try typing  <return>  to proceed.
If that doesn't work, type  X <return>  to quit.


! LaTeX Error: Something's wrong--perhaps a missing \item.

See the LaTeX manual or LaTeX Companion for explanation.
Type  H <return>  for immediate help.
 ...                                              
                                                  
l.1107   \end{proof}
                    
Try typing  <return>  to proceed.
If that doesn't work, type  X <return>  to quit.

! Missing $ inserted.
<inserted text> 
                $
l.1107   \end{proof}
                    
I've inserted something that you may have forgotten.
(See the <inserted text> above.)
With luck, this will get me unwedged. But if you
really didn't forget anything, try typing `2' now; then
my insertion and my current dilemma will both disappear.


Overfull \hbox (42.6022pt too wide) in paragraph at lines 1138--1142
\T2A/cmr/m/n/10 Геосмысл тео-ре-мы Лагран-жа: Пря-мая, про-хл-дя-щая че-рез точ
-ки $\OT1/cmr/m/n/10 (\OML/cmm/m/it/10 a\OT1/cmr/m/n/10 ; \OML/cmm/m/it/10 f\OT
1/cmr/m/n/10 (\OML/cmm/m/it/10 a\OT1/cmr/m/n/10 ))\OML/cmm/m/it/10 ; \OT1/cmr/m
/n/10 (\OML/cmm/m/it/10 b\OT1/cmr/m/n/10 ; \OML/cmm/m/it/10 b\OT1/cmr/m/n/10 (\
OML/cmm/m/it/10 b\OT1/cmr/m/n/10 ))$
 []

[54]
{\cyrillictext \CYRG \cyrl \cyra \cyrv \cyra } 27.

Overfull \hbox (15.223pt too wide) in paragraph at lines 1144--1145
\T2A/cmr/m/n/10 Пусть $\OML/cmm/m/it/10 g[]\OT1/cmr/m/n/10 (\OML/cmm/m/it/10 x[
]\OT1/cmr/m/n/10 ) \OMS/cmsy/m/n/10 6\OT1/cmr/m/n/10 = 0$\T2A/cmr/m/n/10 . Ес-л
и су-ще-ству-ет пре-дел $[][] []$, то $[][] [] \OT1/cmr/m/n/10 =
 []


Underfull \hbox (badness 10000) in paragraph at lines 1144--1145

 []


Overfull \hbox (7.32219pt too wide) in paragraph at lines 1146--1148
[]\T2A/cmr/bx/n/10 Замечание: \T2A/cmr/m/n/10 Пра-ви-ло Ло-пи-та-ля так-же спра
-вед-ли-во, ес-ли $[][] \OML/cmm/m/it/10 f\OT1/cmr/m/n/10 (\OML/cmm/m/it/10 x\O
T1/cmr/m/n/10 ) =
 []


Underfull \hbox (badness 10000) in paragraph at lines 1146--1148

 []


Overfull \hbox (11.0263pt too wide) in paragraph at lines 1157--1157
\T2A/cmr/m/n/10 Получается$[][] [] \OT1/cmr/m/n/10 = [][] []$\T2A/cmr/m/n/10 , 
а $[][] [] \OT1/cmr/m/n/10 = [][] []$\T2A/cmr/m/n/10 ,
 []


LaTeX Font Warning: Command \large invalid in math mode on input line 1158.


LaTeX Font Warning: Command \large invalid in math mode on input line 1158.


LaTeX Font Warning: Command \large invalid in math mode on input line 1158.


LaTeX Font Warning: Command \large invalid in math mode on input line 1158.


Underfull \hbox (badness 10000) in paragraph at lines 1160--1163

 []

[55

]
Overfull \hbox (1.1865pt too wide) in paragraph at lines 1167--1168
\OML/cmm/m/it/10 g\OT1/cmr/m/n/10 (\OML/cmm/m/it/10 x\OT1/cmr/m/n/10 )$ \T2A/cm
r/m/n/10 не опре-де-ле-ны при $\OML/cmm/m/it/10 x \OT1/cmr/m/n/10 = \OML/cmm/m/
it/10 x[]$\T2A/cmr/m/n/10 , но $[][] \OML/cmm/m/it/10 f\OT1/cmr/m/n/10 (\OML/cm
m/m/it/10 x\OT1/cmr/m/n/10 ) = 0$ \T2A/cmr/m/n/10 и $[][] \OML/cmm/m/it/10 g\OT
1/cmr/m/n/10 (\OML/cmm/m/it/10 x\OT1/cmr/m/n/10 ) =
 []


LaTeX Font Warning: Command \large invalid in math mode on input line 1171.


LaTeX Font Warning: Command \large invalid in math mode on input line 1171.


LaTeX Font Warning: Command \large invalid in math mode on input line 1171.


LaTeX Font Warning: Command \large invalid in math mode on input line 1171.


Overfull \hbox (11.42319pt too wide) in paragraph at lines 1179--1188
[]$[][] [] \OT1/cmr/m/n/10 = [[]] = [][] [] = [][] [] =
 []


Overfull \hbox (19.62929pt too wide) in paragraph at lines 1179--1188
[] [][] [] \OT1/cmr/m/n/10 = [] \OMS/cmsy/m/n/10 ^^B \OT1/cmr/m/n/10 [[]] = [] 
[][] [] = [] [][] [] =
 []


Overfull \hbox (40.85399pt too wide) in paragraph at lines 1191--1206
\OT1/cmr/m/n/10 [[]] = [] [][] [] = [] [][] [] = [][] [] =
 []


Underfull \hbox (badness 10000) in paragraph at lines 1211--1212

 []


Overfull \hbox (67.76065pt too wide) in paragraph at lines 1213--1218
[]$[][]\OT1/cmr/m/n/10 (\OML/cmm/m/it/10 f\OT1/cmr/m/n/10 (\OML/cmm/m/it/10 x\O
T1/cmr/m/n/10 ) \OMS/cmsy/m/n/10 ^^@ \OML/cmm/m/it/10 g\OT1/cmr/m/n/10 (\OML/cm
m/m/it/10 x\OT1/cmr/m/n/10 )) = [\OMS/cmsy/m/n/10 1 ^^@ 1\OT1/cmr/m/n/10 ] = []
[]([] \OMS/cmsy/m/n/10 ^^@ []\OT1/cmr/m/n/10 ) = [][]([]) =
 []

[56]
Underfull \hbox (badness 10000) in paragraph at lines 1221--1222

 []


Underfull \hbox (badness 10000) in paragraph at lines 1230--1231

 []


Overfull \hbox (13.77332pt too wide) in paragraph at lines 1234--1235
\OT1/cmr/m/n/10 0\OML/cmm/m/it/10 ; g\OT1/cmr/m/n/10 (\OML/cmm/m/it/10 x\OT1/cm
r/m/n/10 ) \OMS/cmsy/m/n/10 ! \OT1/cmr/m/n/10 0$ \T2A/cmr/m/n/10 при $\OML/cmm/
m/it/10 x \OMS/cmsy/m/n/10 ! \OML/cmm/m/it/10 x[]$\T2A/cmr/m/n/10 . Для на-хож-
де-ния пре-де-ла ви-да $[][] \OML/cmm/m/it/10 f\OT1/cmr/m/n/10 (\OML/cmm/m/it/1
0 x\OT1/cmr/m/n/10 )[]$
 []

[57]
{\cyrillictext \CYRG \cyrl \cyra \cyrv \cyra } 32.

Overfull \hbox (11.46852pt too wide) in paragraph at lines 1247--1249
[][]\T2A/cmr/bx/n/10 Тероэма 32.1. []\T2A/cmr/m/it/10 Ес-ли функ-ция $\OML/cmm/
m/it/10 y \OT1/cmr/m/n/10 = \OML/cmm/m/it/10 g\OT1/cmr/m/n/10 (\OML/cmm/m/it/10
 x\OT1/cmr/m/n/10 )$ \T2A/cmr/m/it/10 непрерывно-дифференцируема
 []

! Undefined control sequence.
<recently read> \exosts 
                        
l.1250     $\exosts
                    \xi \in (x_1; x_2): g(x-2) - g(x_1) = g'(\xi)\cdot(x_2 -...
The control sequence at the end of the top line
of your error message was never \def'ed. If you have
misspelled it (e.g., `\hobx'), type `I' and the correct
spelling (e.g., `I\hbox'). Otherwise just continue,
and I'll forget about whatever was undefined.


Overfull \hbox (4.46747pt too wide) in paragraph at lines 1256--1258
[]\T2A/cmr/m/n/10 Пусть 2 раз-лич-ные пер-во-об-раз-ные $\OML/cmm/m/it/10 F\OT1
/cmr/m/n/10 (\OML/cmm/m/it/10 x\OT1/cmr/m/n/10 )\OML/cmm/m/it/10 ; G\OT1/cmr/m/
n/10 (\OML/cmm/m/it/10 x\OT1/cmr/m/n/10 )$ \T2A/cmr/m/n/10 для
 []


Overfull \hbox (7.01903pt too wide) in paragraph at lines 1265--1266
[]$\OMS/cmsy/m/n/10 8\OML/cmm/m/it/10 ; ^^L \OMS/cmsy/m/n/10 2 \U/msb/m/n/10 R
\OML/cmm/m/it/10 ; \OMS/cmsy/m/n/10 8\OML/cmm/m/it/10 f\OT1/cmr/m/n/10 (\OML/cm
m/m/it/10 x\OT1/cmr/m/n/10 )\OML/cmm/m/it/10 ; g\OT1/cmr/m/n/10 (\OML/cmm/m/it/
10 x\OT1/cmr/m/n/10 ) : [] \OML/cmm/m/it/10 f\OT1/cmr/m/n/10 (\OML/cmm/m/it/10
 x\OT1/cmr/m/n/10 ) + \OML/cmm/m/it/10 ^^Lg\OT1/cmr/m/n/10 (\OML/cmm/m/it/10 x\
OT1/cmr/m/n/10 )\OML/cmm/m/it/10 dx \OT1/cmr/m/n/10 = \OML/cmm/m/it/10  [] f\O
T1/cmr/m/n/10 (\OML/cmm/m/it/10 x\OT1/cmr/m/n/10 )\OML/cmm/m/it/10 dx \OT1/cmr/
m/n/10 + \OML/cmm/m/it/10 ^^L [] g\OT1/cmr/m/n/10 (\OML/cmm/m/it/10 x\OT1/cmr/m
/n/10 )\OML/cmm/m/it/10 dx$ 
 []

[58

]
Underfull \hbox (badness 10000) in paragraph at lines 1270--1270

 []


Package hyperref Warning: Token not allowed in a PDF string (Unicode):
(hyperref)                removing `\\' on input line 1270.

[59] [60]
{\cyrillictext \CYRG \cyrl \cyra \cyrv \cyra } 33.

Overfull \hbox (25.73093pt too wide) in paragraph at lines 1321--1322
[][]\T2A/cmr/bx/n/10 Тероэма 33.1. []\T2A/cmr/m/it/10 Пусть функ-ция $\OML/cmm/
m/it/10 f\OT1/cmr/m/n/10 (\OML/cmm/m/it/10 x\OT1/cmr/m/n/10 )$ \T2A/cmr/m/it/10
 непре-рыв-на, а $\OML/cmm/m/it/10 x \OT1/cmr/m/n/10 = \OML/cmm/m/it/10 ^^^\OT1
/cmr/m/n/10 (\OML/cmm/m/it/10 t\OT1/cmr/m/n/10 )$ \T2A/cmr/m/it/10 непрерывно-
 []


Underfull \hbox (badness 10000) in paragraph at lines 1323--1323

 []


Overfull \hbox (8.16525pt too wide) detected at line 1325
\OT1/cmr/m/n/10 ([] \OML/cmm/m/it/10 f\OT1/cmr/m/n/10 (\OML/cmm/m/it/10 x\OT1/c
mr/m/n/10 )\OML/cmm/m/it/10 dx\OT1/cmr/m/n/10 )[] = ([] \OML/cmm/m/it/10 f\OT1/
cmr/m/n/10 (\OML/cmm/m/it/10 x\OT1/cmr/m/n/10 (\OML/cmm/m/it/10 t\OT1/cmr/m/n/1
0 ))\OML/cmm/m/it/10 dx\OT1/cmr/m/n/10 )[] = \OML/cmm/m/it/10 f[]\OT1/cmr/m/n/1
0 (\OML/cmm/m/it/10 x\OT1/cmr/m/n/10 (\OML/cmm/m/it/10 t\OT1/cmr/m/n/10 )) = \O
ML/cmm/m/it/10 f[]\OT1/cmr/m/n/10 (\OML/cmm/m/it/10 x\OT1/cmr/m/n/10 (\OML/cmm/
m/it/10 t\OT1/cmr/m/n/10 ))\OML/cmm/m/it/10 x[]\OT1/cmr/m/n/10 (\OML/cmm/m/it/1
0 t\OT1/cmr/m/n/10 ) = \OML/cmm/m/it/10 f[]\OT1/cmr/m/n/10 (\OML/cmm/m/it/10 x\
OT1/cmr/m/n/10 (\OML/cmm/m/it/10 t\OT1/cmr/m/n/10 ))\OML/cmm/m/it/10 ^^^[]\OT1/
cmr/m/n/10 (\OML/cmm/m/it/10 t\OT1/cmr/m/n/10 )
 []


Overfull \hbox (9.93968pt too wide) detected at line 1330
[][] [] \OML/cmm/m/it/10 tg\OT1/cmr/m/n/10 (\OML/cmm/m/it/10 x\OT1/cmr/m/n/10 )
\OML/cmm/m/it/10 dx \OT1/cmr/m/n/10 = [] []\OML/cmm/m/it/10 dx[] []t \OT1/cmr/m
/n/10 = \OML/cmm/m/it/10 cos\OT1/cmr/m/n/10 (\OML/cmm/m/it/10 x\OT1/cmr/m/n/10 
)\OML/cmm/m/it/10 ; dt \OT1/cmr/m/n/10 = \OMS/cmsy/m/n/10 ^^@\OML/cmm/m/it/10 s
in\OT1/cmr/m/n/10 (\OML/cmm/m/it/10 x\OT1/cmr/m/n/10 )\OML/cmm/m/it/10 dx; sin\
OT1/cmr/m/n/10 (\OML/cmm/m/it/10 x\OT1/cmr/m/n/10 )\OML/cmm/m/it/10 dx \OT1/cmr
/m/n/10 = \OMS/cmsy/m/n/10 ^^@\OML/cmm/m/it/10 dt[]
 []


Underfull \hbox (badness 10000) in paragraph at lines 1330--1330

 []

[61

]
{\cyrillictext \CYRG \cyrl \cyra \cyrv \cyra } 34.
! Display math should end with $$.
<to be read again> 
                   \protect 
l.1337   $\\
            $ \Rightarrow \int udv = uv - \int vdu
The `$' that I just saw supposedly matches a previous `$$'.
So I shall assume that you typed `$$' both times.


Overfull \hbox (49.3179pt too wide) detected at line 1337
[][]\OML/cmm/m/it/10 d\OT1/cmr/m/n/10 (\OML/cmm/m/it/10 uv\OT1/cmr/m/n/10 ) = (
\OML/cmm/m/it/10 uv\OT1/cmr/m/n/10 )[]\OML/cmm/m/it/10 dx \OT1/cmr/m/n/10 = (\O
ML/cmm/m/it/10 u[]v \OT1/cmr/m/n/10 + \OML/cmm/m/it/10 v[]u\OT1/cmr/m/n/10 )\OM
L/cmm/m/it/10 dx \OT1/cmr/m/n/10 = \OML/cmm/m/it/10 u[]vdx \OT1/cmr/m/n/10 + \O
ML/cmm/m/it/10 v[]udx \OT1/cmr/m/n/10 = \OML/cmm/m/it/10 vdu \OT1/cmr/m/n/10 + 
\OML/cmm/m/it/10 udv \OMS/cmsy/m/n/10 ) \OML/cmm/m/it/10 d\OT1/cmr/m/n/10 (\OML
/cmm/m/it/10 uv\OT1/cmr/m/n/10 ) = \OML/cmm/m/it/10 vdu \OT1/cmr/m/n/10 + \OML/
cmm/m/it/10 udv
 []

! You can't use `\eqno' in math mode.
\endmathdisplay@a ...\df@tag \@empty \else \veqno 
                                                  \alt@tag \df@tag \fi \ifx ...
l.1338 \end{equation}
                     
Sorry, but I'm not programmed to handle this case;
I'll just pretend that you didn't ask for it.
If you're in the wrong mode, you might be able to
return to the right one by typing `I}' or `I$' or `I\par'.

! Missing $ inserted.
<inserted text> 
                $
l.1338 \end{equation}
                     
I've inserted something that you may have forgotten.
(See the <inserted text> above.)
With luck, this will get me unwedged. But if you
really didn't forget anything, try typing `2' now; then
my insertion and my current dilemma will both disappear.

[62

]
{\cyrillictext \CYRG \cyrl \cyra \cyrv \cyra } 35.
[63

]
Overfull \hbox (7.43463pt too wide) in paragraph at lines 1401--1403
[][]\T2A/cmr/bx/n/10 Тероэма 35.1. []\T2A/cmr/m/it/10 необ-хо-ди-мые усло-вия и
н-те-гри-ру-е-мо-сти. Ес-ли функ-
 []


Overfull \hbox (10.6809pt too wide) in paragraph at lines 1403--1407
[]\T2A/cmr/m/n/10 Произведјм раз-би-е-ние $\OT1/cmr/m/n/10 [\OML/cmm/m/it/10 a\
OT1/cmr/m/n/10 ; \OML/cmm/m/it/10 b\OT1/cmr/m/n/10 ]$\T2A/cmr/m/n/10 . Ес-ли фу
нк-ция неогра-
 []

[64]
Underfull \hbox (badness 10000) in paragraph at lines 1445--1445

 []


Underfull \hbox (badness 10000) in paragraph at lines 1459--1459

 []


Overfull \hbox (10.46829pt too wide) detected at line 1461
\OMS/cmsy/m/n/10 ) \OML/cmm/m/it/10 m\OT1/cmr/m/n/10 (\OML/cmm/m/it/10 b \OMS/c
msy/m/n/10 ^^@ \OML/cmm/m/it/10 a\OT1/cmr/m/n/10 ) \OMS/cmsy/m/n/10 ^^T [][] \O
ML/cmm/m/it/10 f\OT1/cmr/m/n/10 (\OML/cmm/m/it/10 x\OT1/cmr/m/n/10 )\OML/cmm/m/
it/10 dx \OMS/cmsy/m/n/10 ^^T \OML/cmm/m/it/10 M\OT1/cmr/m/n/10 (\OML/cmm/m/it/
10 b \OMS/cmsy/m/n/10 ^^@ \OML/cmm/m/it/10 a\OT1/cmr/m/n/10 )\OML/cmm/m/it/10 :
a < b \OMS/cmsy/m/n/10 ) \OML/cmm/m/it/10 m \OMS/cmsy/m/n/10 ^^T [] [][] \OML/c
mm/m/it/10 f\OT1/cmr/m/n/10 (\OML/cmm/m/it/10 x\OT1/cmr/m/n/10 )\OML/cmm/m/it/1
0 dx \OMS/cmsy/m/n/10 ^^T \OML/cmm/m/it/10 M
 []

[65] [66]
{\cyrillictext \CYRG \cyrl \cyra \cyrv \cyra } 36.

Underfull \hbox (badness 10000) in paragraph at lines 1477--1477

 []


Underfull \hbox (badness 10000) in paragraph at lines 1478--1478

 []


Underfull \hbox (badness 10000) in paragraph at lines 1479--1479

 []


Overfull \hbox (40.86064pt too wide) in paragraph at lines 1481--1484
$\OT1/cmr/m/n/10 0 \OMS/cmsy/m/n/10 ^^T j\OT1/cmr/m/n/10 ^^H(\OML/cmm/m/it/10 x
 \OT1/cmr/m/n/10 + ^^A[]) \OMS/cmsy/m/n/10 ^^@ \OT1/cmr/m/n/10 ^^H(\OML/cmm/m/i
t/10 x\OT1/cmr/m/n/10 )\OMS/cmsy/m/n/10 j ^^T \OML/cmm/m/it/10 M\OT1/cmr/m/n/10
 ^^A[]$ $\OML/cmm/m/it/10 M\OT1/cmr/m/n/10 ^^A[] \OMS/cmsy/m/n/10 ! \OT1/cmr/m/
n/10 0$ \T2A/cmr/m/n/10 при $\OT1/cmr/m/n/10 ^^A[] \OMS/cmsy/m/n/10 ! \OT1/cmr/
m/n/10 0 \OMS/cmsy/m/n/10 ) [][] [] \OT1/cmr/m/n/10 =
 []

[67

]
Underfull \hbox (badness 10000) in paragraph at lines 1490--1490

 []


Underfull \hbox (badness 10000) in paragraph at lines 1491--1491

 []

[68]
{\cyrillictext \CYRG \cyrl \cyra \cyrv \cyra } 46.

Overfull \hbox (3.2023pt too wide) in paragraph at lines 1519--1524
\T2A/cmr/m/n/10 верх-но-стии плос-кость. $\OML/cmm/m/it/10 z \OT1/cmr/m/n/10 = 
\OML/cmm/m/it/10 h$ \T2A/cmr/m/n/10 то-гда и толь-ко то-гда, ко-гда $\OML/cmm/m
/it/10 M\OT1/cmr/m/n/10 (\OML/cmm/m/it/10 x[]; y[]; h\OT1/cmr/m/n/10 )$
 []

[69

]
{\cyrillictext \CYRG \cyrl \cyra \cyrv \cyra } 47.
[70

]
{\cyrillictext \CYRG \cyrl \cyra \cyrv \cyra } 48.

LaTeX Warning: File `./pics/.png' not found on input line 1554.


! Package pdftex.def Error: File `./pics/.png' not found: using draft setting.

See the pdftex.def package documentation for explanation.
Type  H <return>  for immediate help.
 ...                                              
                                                  
l.1554 ...includegraphics[scale=0.25]{./pics/.png}
                                                  
Try typing  <return>  to proceed.
If that doesn't work, type  X <return>  to quit.

LaTeX Font Info:    Trying to load font information for T2A+cmtt on input line 
1554.
(c:/texlive/2019/texmf-dist/tex/latex/cyrillic/t2acmtt.fd
File: t2acmtt.fd 2001/08/11 v1.0a Computer Modern Cyrillic font definitions
)

! LaTeX Error: Bad math environment delimiter.

See the LaTeX manual or LaTeX Companion for explanation.
Type  H <return>  for immediate help.
 ...                                              
                                                  
l.1555 ...ґСЂ РІСЂР°С‰РµРЅРёСЏ(С€РєРѕР»СЊРЅС‹Р№).}
                                                  
Your command was ignored.
Type  I <command> <return>  to replace it with another command,
or  <return>  to continue without it.

! You can't use `\eqno' in restricted horizontal mode.
\endmathdisplay@a ...\df@tag \@empty \else \veqno 
                                                  \alt@tag \df@tag \fi \ifx ...
l.1555 ...ґСЂ РІСЂР°С‰РµРЅРёСЏ(С€РєРѕР»СЊРЅС‹Р№).}
                                                  
Sorry, but I'm not programmed to handle this case;
I'll just pretend that you didn't ask for it.
If you're in the wrong mode, you might be able to
return to the right one by typing `I}' or `I$' or `I\par'.


! LaTeX Error: \begin{equation*} on input line 1555 ended by \end{AmSequation*}
.

See the LaTeX manual or LaTeX Companion for explanation.
Type  H <return>  for immediate help.
 ...                                              
                                                  
l.1555 ...ґСЂ РІСЂР°С‰РµРЅРёСЏ(С€РєРѕР»СЊРЅС‹Р№).}
                                                  
Your command was ignored.
Type  I <command> <return>  to replace it with another command,
or  <return>  to continue without it.


Underfull \hbox (badness 4752) in paragraph at lines 1555--1555
[]\T2A/cmr/m/n/9 (a) |Эл-лип-ти-че-ский
 []


Underfull \hbox (badness 10000) in paragraph at lines 1555--1555

 []

<./pics/shkarlupa.png, id=1028, 379.4175pt x 379.4175pt>
File: ./pics/shkarlupa.png Graphic file (type png)
<use ./pics/shkarlupa.png>
Package pdftex.def Info: ./pics/shkarlupa.png  used on input line 1560.
(pdftex.def)             Requested size: 94.85414pt x 94.85414pt.

Overfull \hbox (8.60414pt too wide) in paragraph at lines 1560--1561
 [][] 
 []


! LaTeX Error: Bad math environment delimiter.

See the LaTeX manual or LaTeX Companion for explanation.
Type  H <return>  for immediate help.
 ...                                              
                                                  
l.1561 ...rac{x^2}{a^2} - \frac{y^2}{b^2} = \pm1}}
                                                  
Your command was ignored.
Type  I <command> <return>  to replace it with another command,
or  <return>  to continue without it.

! You can't use `\eqno' in restricted horizontal mode.
\endmathdisplay@a ...\df@tag \@empty \else \veqno 
                                                  \alt@tag \df@tag \fi \ifx ...
l.1561 ...rac{x^2}{a^2} - \frac{y^2}{b^2} = \pm1}}
                                                  
Sorry, but I'm not programmed to handle this case;
I'll just pretend that you didn't ask for it.
If you're in the wrong mode, you might be able to
return to the right one by typing `I}' or `I$' or `I\par'.


! LaTeX Error: \begin{equation*} on input line 1561 ended by \end{AmSequation*}
.

See the LaTeX manual or LaTeX Companion for explanation.
Type  H <return>  for immediate help.
 ...                                              
                                                  
l.1561 ...rac{x^2}{a^2} - \frac{y^2}{b^2} = \pm1}}
                                                  
Your command was ignored.
Type  I <command> <return>  to replace it with another command,
or  <return>  to continue without it.


Underfull \hbox (badness 10000) in paragraph at lines 1561--1561
[]\T2A/cmr/m/n/9 (b) |Ги-пер-бо-ли-че-
 []


Underfull \hbox (badness 10000) in paragraph at lines 1561--1561

 []

<./pics/pip.jpg, id=1030, 200.75pt x 221.82875pt>
File: ./pics/pip.jpg Graphic file (type jpg)
<use ./pics/pip.jpg>
Package pdftex.def Info: ./pics/pip.jpg  used on input line 1566.
(pdftex.def)             Requested size: 50.18736pt x 55.45705pt.

! LaTeX Error: Bad math environment delimiter.

See the LaTeX manual or LaTeX Companion for explanation.
Type  H <return>  for immediate help.
 ...                                              
                                                  
l.1567 ...РЅРґСЂ \\ \boxedeq{eq:*}{x^2 = \pm 2py}}
                                                  
Your command was ignored.
Type  I <command> <return>  to replace it with another command,
or  <return>  to continue without it.

! You can't use `\eqno' in restricted horizontal mode.
\endmathdisplay@a ...\df@tag \@empty \else \veqno 
                                                  \alt@tag \df@tag \fi \ifx ...
l.1567 ...РЅРґСЂ \\ \boxedeq{eq:*}{x^2 = \pm 2py}}
                                                  
Sorry, but I'm not programmed to handle this case;
I'll just pretend that you didn't ask for it.
If you're in the wrong mode, you might be able to
return to the right one by typing `I}' or `I$' or `I\par'.


! LaTeX Error: \begin{equation*} on input line 1567 ended by \end{AmSequation*}
.

See the LaTeX manual or LaTeX Companion for explanation.
Type  H <return>  for immediate help.
 ...                                              
                                                  
l.1567 ...РЅРґСЂ \\ \boxedeq{eq:*}{x^2 = \pm 2py}}
                                                  
Your command was ignored.
Type  I <command> <return>  to replace it with another command,
or  <return>  to continue without it.


Underfull \hbox (badness 10000) in paragraph at lines 1567--1567

 []

<./pics/jizz.png, id=1031, 251.4996pt x 162.3666pt>
File: ./pics/jizz.png Graphic file (type png)
<use ./pics/jizz.png>
Package pdftex.def Info: ./pics/jizz.png  used on input line 1571.
(pdftex.def)             Requested size: 62.87474pt x 40.59154pt.

! LaTeX Error: Bad math environment delimiter.

See the LaTeX manual or LaTeX Companion for explanation.
Type  H <return>  for immediate help.
 ...                                              
                                                  
l.1572 ...{\frac{x^2}{a^2} - \frac{y^2}{b^2} = 0}}
                                                  
Your command was ignored.
Type  I <command> <return>  to replace it with another command,
or  <return>  to continue without it.

! You can't use `\eqno' in restricted horizontal mode.
\endmathdisplay@a ...\df@tag \@empty \else \veqno 
                                                  \alt@tag \df@tag \fi \ifx ...
l.1572 ...{\frac{x^2}{a^2} - \frac{y^2}{b^2} = 0}}
                                                  
Sorry, but I'm not programmed to handle this case;
I'll just pretend that you didn't ask for it.
If you're in the wrong mode, you might be able to
return to the right one by typing `I}' or `I$' or `I\par'.


! LaTeX Error: \begin{equation*} on input line 1572 ended by \end{AmSequation*}
.

See the LaTeX manual or LaTeX Companion for explanation.
Type  H <return>  for immediate help.
 ...                                              
                                                  
l.1572 ...{\frac{x^2}{a^2} - \frac{y^2}{b^2} = 0}}
                                                  
Your command was ignored.
Type  I <command> <return>  to replace it with another command,
or  <return>  to continue without it.


Underfull \hbox (badness 10000) in paragraph at lines 1572--1572

 []

<./pics/joq.jpg, id=1032, 142.28156pt x 142.28156pt>
File: ./pics/joq.jpg Graphic file (type jpg)
<use ./pics/joq.jpg>
Package pdftex.def Info: ./pics/joq.jpg  used on input line 1577.
(pdftex.def)             Requested size: 35.5703pt x 35.5703pt.

! LaTeX Error: Bad math environment delimiter.

See the LaTeX manual or LaTeX Companion for explanation.
Type  H <return>  for immediate help.
 ...                                              
                                                  
l.1578 ... \\ \boxedeq{eq:*}{\frac{x^2}{a^2} = 1}}
                                                  
Your command was ignored.
Type  I <command> <return>  to replace it with another command,
or  <return>  to continue without it.

! You can't use `\eqno' in restricted horizontal mode.
\endmathdisplay@a ...\df@tag \@empty \else \veqno 
                                                  \alt@tag \df@tag \fi \ifx ...
l.1578 ... \\ \boxedeq{eq:*}{\frac{x^2}{a^2} = 1}}
                                                  
Sorry, but I'm not programmed to handle this case;
I'll just pretend that you didn't ask for it.
If you're in the wrong mode, you might be able to
return to the right one by typing `I}' or `I$' or `I\par'.


! LaTeX Error: \begin{equation*} on input line 1578 ended by \end{AmSequation*}
.

See the LaTeX manual or LaTeX Companion for explanation.
Type  H <return>  for immediate help.
 ...                                              
                                                  
l.1578 ... \\ \boxedeq{eq:*}{\frac{x^2}{a^2} = 1}}
                                                  
Your command was ignored.
Type  I <command> <return>  to replace it with another command,
or  <return>  to continue without it.


Underfull \hbox (badness 10000) in paragraph at lines 1578--1578

 []

[71

] [72 <./pics/shkarlupa.png> <./pics/pip.jpg> <./pics/jizz.png (PNG copy)> <./p
ics/joq.jpg>]
{\cyrillictext \CYRG \cyrl \cyra \cyrv \cyra } 49.
<./pics/jiji.png, id=1060, 1027.84pt x 969.6225pt>
File: ./pics/jiji.png Graphic file (type png)
<use ./pics/jiji.png>
Package pdftex.def Info: ./pics/jiji.png  used on input line 1592.
(pdftex.def)             Requested size: 51.395pt x 48.48396pt.

! LaTeX Error: There's no line here to end.

See the LaTeX manual or LaTeX Companion for explanation.
Type  H <return>  for immediate help.
 ...                                              
                                                  
l.1595 
       
Your command was ignored.
Type  I <command> <return>  to replace it with another command,
or  <return>  to continue without it.

[73

 <./pics/jiji.png>] [74]
{\cyrillictext \CYRG \cyrl \cyra \cyrv \cyra } 50.
[75

] [76] [77]

! LaTeX Error: \begin{enumerate} on input line 1691 ended by \end{document}.

See the LaTeX manual or LaTeX Companion for explanation.
Type  H <return>  for immediate help.
 ...                                              
                                                  
l.1706 \end{document}
                     
Your command was ignored.
Type  I <command> <return>  to replace it with another command,
or  <return>  to continue without it.

Package atveryend Info: Empty hook `BeforeClearDocument' on input line 1706.
Package atveryend Info: Empty hook `AfterLastShipout' on input line 1706.
(./math_sem1.aux)
Package atveryend Info: Executing hook `AtVeryEndDocument' on input line 1706.
Package atveryend Info: Executing hook `AtEndAfterFileList' on input line 1706.

Package rerunfilecheck Info: File `math_sem1.out' has not changed.
(rerunfilecheck)             Checksum: 49174EB8F6F6A2AA56AE64DA41FB8C70;17529.


LaTeX Warning: There were multiply-defined labels.

Package atveryend Info: Empty hook `AtVeryVeryEnd' on input line 1706.
 )
(\end occurred inside a group at level 3)

### semi simple group (level 3) entered at line 1691 (\begingroup)
### semi simple group (level 2) entered at line 1176 (\begingroup)
### semi simple group (level 1) entered at line 898 (\begingroup)
### bottom level 
Here is how much of TeX's memory you used:
 34632 strings out of 492163
 765931 string characters out of 6129075
 962385 words of memory out of 5000000
 37998 multiletter control sequences out of 15000+600000
 32825 words of font info for 81 fonts, out of 8000000 for 9000
 1141 hyphenation exceptions out of 8191
 71i,17n,103p,743b,2326s stack positions out of 5000i,500n,10000p,200000b,80000s
{c:/texlive/2019/texmf-dist/fonts/enc/dvips/cm-super/cm-super-t
2a.enc}<c:/texlive/2019/texmf-dist/fonts/type1/public/amsfonts/cm/cmex10.pfb><c
:/texlive/2019/texmf-dist/fonts/type1/public/amsfonts/cm/cmmi10.pfb><c:/texlive
/2019/texmf-dist/fonts/type1/public/amsfonts/cm/cmmi12.pfb><c:/texlive/2019/tex
mf-dist/fonts/type1/public/amsfonts/cm/cmmi5.pfb><c:/texlive/2019/texmf-dist/fo
nts/type1/public/amsfonts/cm/cmmi7.pfb><c:/texlive/2019/texmf-dist/fonts/type1/
public/amsfonts/cm/cmmi8.pfb><c:/texlive/2019/texmf-dist/fonts/type1/public/ams
fonts/cm/cmmi9.pfb><c:/texlive/2019/texmf-dist/fonts/type1/public/amsfonts/cm/c
mr10.pfb><c:/texlive/2019/texmf-dist/fonts/type1/public/amsfonts/cm/cmr12.pfb><
c:/texlive/2019/texmf-dist/fonts/type1/public/amsfonts/cm/cmr5.pfb><c:/texlive/
2019/texmf-dist/fonts/type1/public/amsfonts/cm/cmr6.pfb><c:/texlive/2019/texmf-
dist/fonts/type1/public/amsfonts/cm/cmr7.pfb><c:/texlive/2019/texmf-dist/fonts/
type1/public/amsfonts/cm/cmr8.pfb><c:/texlive/2019/texmf-dist/fonts/type1/publi
c/amsfonts/cm/cmr9.pfb><c:/texlive/2019/texmf-dist/fonts/type1/public/amsfonts/
cm/cmsy10.pfb><c:/texlive/2019/texmf-dist/fonts/type1/public/amsfonts/cm/cmsy5.
pfb><c:/texlive/2019/texmf-dist/fonts/type1/public/amsfonts/cm/cmsy7.pfb><c:/te
xlive/2019/texmf-dist/fonts/type1/public/amsfonts/cm/cmsy8.pfb><c:/texlive/2019
/texmf-dist/fonts/type1/public/amsfonts/cm/cmsy9.pfb><c:/texlive/2019/texmf-dis
t/fonts/type1/public/amsfonts/symbols/msam10.pfb><c:/texlive/2019/texmf-dist/fo
nts/type1/public/amsfonts/symbols/msbm10.pfb><c:/texlive/2019/texmf-dist/fonts/
type1/public/cm-super/sfbx1000.pfb><c:/texlive/2019/texmf-dist/fonts/type1/publ
ic/cm-super/sfbx1200.pfb><c:/texlive/2019/texmf-dist/fonts/type1/public/cm-supe
r/sfbx1440.pfb><c:/texlive/2019/texmf-dist/fonts/type1/public/cm-super/sfbx2074
.pfb><c:/texlive/2019/texmf-dist/fonts/type1/public/cm-super/sfbx2488.pfb><c:/t
exlive/2019/texmf-dist/fonts/type1/public/cm-super/sfrm0600.pfb><c:/texlive/201
9/texmf-dist/fonts/type1/public/cm-super/sfrm0700.pfb><c:/texlive/2019/texmf-di
st/fonts/type1/public/cm-super/sfrm0800.pfb><c:/texlive/2019/texmf-dist/fonts/t
ype1/public/cm-super/sfrm0900.pfb><c:/texlive/2019/texmf-dist/fonts/type1/publi
c/cm-super/sfrm1000.pfb><c:/texlive/2019/texmf-dist/fonts/type1/public/cm-super
/sfrm1200.pfb><c:/texlive/2019/texmf-dist/fonts/type1/public/cm-super/sfrm1440.
pfb><c:/texlive/2019/texmf-dist/fonts/type1/public/cm-super/sfrm1728.pfb><c:/te
xlive/2019/texmf-dist/fonts/type1/public/cm-super/sfsl1000.pfb><c:/texlive/2019
/texmf-dist/fonts/type1/public/cm-super/sfti1000.pfb><c:/texlive/2019/texmf-dis
t/fonts/type1/public/cm-super/sftt1000.pfb>
Output written on math_sem1.pdf (78 pages, 1087800 bytes).
PDF statistics:
 1334 PDF objects out of 1440 (max. 8388607)
 1197 compressed objects within 12 object streams
 412 named destinations out of 1000 (max. 500000)
 666 words of extra memory for PDF output out of 10000 (max. 10000000)

