\BOOKMARK [0][-]{chapter.1}{\376\377\000P\000U\000B\000L\000I\000C\000\040\000S\000E\000R\000V\000I\000C\000E\000\040\000A\000N\000N\000O\000U\000N\000C\000E\000M\000E\000N\000T}{}% 1
\BOOKMARK [0][-]{chapter.2}{\376\377\004\034\004\075\004\076\004\066\004\065\004\101\004\102\004\062\004\060}{}% 2
\BOOKMARK [1][-]{section.2.1}{\376\377\004\034\004\075\004\076\004\066\004\065\004\101\004\102\004\062\004\060\000\040\004\070\000\040\004\076\004\077\004\065\004\100\004\060\004\106\004\070\004\070\000\040\004\075\004\060\004\064\000\040\004\075\004\070\004\074\004\070}{chapter.2}% 3
\BOOKMARK [1][-]{section.2.2}{\376\377\004\027\004\060\004\074\004\072\004\075\004\103\004\102\004\076\004\101\004\102\004\114\000\040\004\074\004\075\004\076\004\066\004\065\004\101\004\102\004\062}{chapter.2}% 4
\BOOKMARK [1][-]{section.2.3}{\376\377\004\036\004\063\004\100\004\060\004\075\004\070\004\107\004\065\004\075\004\075\004\076\004\101\004\102\004\114\000\040\004\074\004\075\004\076\004\066\004\065\004\101\004\102\004\062}{chapter.2}% 5
\BOOKMARK [1][-]{section.2.4}{\376\377\004\036\004\072\004\100\004\065\004\101\004\102\004\075\004\076\004\101\004\102\004\070}{chapter.2}% 6
\BOOKMARK [0][-]{chapter.3}{\376\377\004\044\004\103\004\075\004\072\004\106\004\070\004\070}{}% 7
\BOOKMARK [1][-]{section.3.1}{\376\377\004\023\004\100\004\060\004\104\004\070\004\072\004\070}{chapter.3}% 8
\BOOKMARK [2][-]{subsection.3.1.1}{\376\377\004\103\004\063\004\076\004\073\000\040\004\074\004\065\004\066\004\064\004\103\000\040\004\077\004\100\004\117\004\074\004\113\004\074\004\070}{section.3.1}% 9
\BOOKMARK [2][-]{subsection.3.1.2}{\376\377\004\036\004\101\004\075\004\076\004\062\004\075\004\113\004\065\000\040\004\115\004\073\004\065\004\074\004\065\004\075\004\102\004\060\004\100\004\075\004\113\004\065\000\040\004\104\004\103\004\075\004\072\004\106\004\070\004\070}{section.3.1}% 10
\BOOKMARK [0][-]{chapter.4}{\376\377\004\037\004\073\004\076\004\101\004\072\004\070\004\065\000\040\004\104\004\070\004\063\004\103\004\100\004\113}{}% 11
\BOOKMARK [1][-]{section.4.1}{\376\377\004\043\004\100\004\060\004\062\004\075\004\065\004\075\004\070\004\117\000\040\004\104\004\070\004\063\004\103\004\100}{chapter.4}% 12
\BOOKMARK [2][-]{subsection.4.1.1}{\376\377\004\036\004\072\004\100\004\103\004\066\004\075\004\076\004\101\004\102\004\114}{section.4.1}% 13
\BOOKMARK [2][-]{subsection.4.1.2}{\376\377\004\055\004\073\004\073\004\070\004\077\004\101}{section.4.1}% 14
\BOOKMARK [2][-]{subsection.4.1.3}{\376\377\004\023\004\070\004\077\004\065\004\100\004\061\004\076\004\073\004\060}{section.4.1}% 15
\BOOKMARK [2][-]{subsection.4.1.4}{\376\377\004\037\004\060\004\100\004\060\004\061\004\076\004\073\004\060}{section.4.1}% 16
\BOOKMARK [0][-]{chapter.5}{\376\377\000D\000P\000M\000W}{}% 17
\BOOKMARK [0][-]{chapter.6}{\376\377\004\021\004\070\004\075\004\076\004\074\000\040\004\035\004\114\004\116\004\102\004\076\004\075\004\060}{}% 18
\BOOKMARK [0][-]{chapter.7}{\376\377\004\021\004\065\004\101\004\072\004\076\004\075\004\065\004\107\004\075\004\076\000\040\004\074\004\060\004\073\004\113\004\065\000\040\004\070\000\040\004\061\004\065\004\101\004\072\004\076\004\075\004\065\004\107\004\075\004\076\000\040\004\061\004\076\004\073\004\114\004\110\004\070\004\065\000\040\004\077\004\076\004\101\004\073\004\065\004\064\004\076\004\062\004\060\004\102\004\065\004\073\004\114\004\075\004\076\004\101\004\102\004\070\000\040\004\070\000\040\004\070\004\105\000\040\004\101\004\062\004\076\004\071\004\101\004\102\004\062\004\060}{}% 19
\BOOKMARK [1][-]{section.7.1}{\376\377\004\036\004\101\004\075\004\076\004\062\004\075\004\113\004\065\000\040\004\101\004\062\004\076\004\071\004\101\004\102\004\062\004\060\000\040\004\061\000.\004\074\000.\000\040\004\070\000\040\004\061\000.\004\061\000.\000\040\004\077\004\076\004\101\004\073\004\065\004\064\004\076\004\062\004\060\004\102\004\065\004\073\004\114\004\075\004\076\004\101\004\102\004\065\004\071}{chapter.7}% 20
\BOOKMARK [0][-]{chapter.8}{\376\377\004\037\004\076\004\101\004\073\004\065\004\064\004\076\004\062\004\060\004\102\004\065\004\073\004\114\004\075\004\076\004\101\004\102\004\070}{}% 21
\BOOKMARK [1][-]{section.8.1}{\376\377\004\041\004\062\004\076\004\071\004\101\004\102\004\062\004\060}{chapter.8}% 22
\BOOKMARK [0][-]{chapter.9}{\376\377\004\021\004\065\004\101\004\072\004\076\004\075\004\065\004\107\004\075\004\076\000\040\004\074\004\060\004\073\004\113\004\065\000\040\004\070\000\040\004\061\004\065\004\101\004\072\004\076\004\075\004\065\004\107\004\075\004\076\000\040\004\061\004\076\004\073\004\114\004\110\004\070\004\065\000\040\004\104\004\103\004\075\004\072\004\106\004\070\004\070}{}% 23
\BOOKMARK [0][-]{chapter.10}{\376\377\004\034\004\076\004\075\004\076\004\102\004\076\004\075\004\075\004\113\004\065\000\040\004\077\004\076\004\101\004\073\004\065\004\064\004\076\004\062\004\060\004\102\004\065\004\073\004\114\004\075\004\076\004\101\004\102\004\070\000,\000\040\004\102\004\065\004\076\004\100\004\065\004\074\004\060\000\040\004\022\004\065\004\071\004\072\004\065\004\100\004\110\004\102\004\100\004\060\004\101\004\101\004\060}{}% 24
\BOOKMARK [0][-]{chapter.11}{\376\377\000D\000P\000M\000W}{}% 25
\BOOKMARK [0][-]{chapter.12}{\376\377\004\037\004\100\004\065\004\064\004\065\004\073\000\040\004\104\004\103\004\075\004\072\004\106\004\070\004\070\000\040\004\062\000\040\004\102\004\076\004\107\004\072\004\065\000\040\004\070\000\040\004\075\004\060\000\040\004\061\004\065\004\101\004\072\004\076\004\075\004\065\004\107\004\075\004\076\004\101\004\102\004\070\000,\000\040\004\036\004\064\004\075\004\076\004\101\004\102\004\076\004\100\004\076\004\075\004\075\004\070\004\065\000\040\004\077\004\100\004\065\004\064\004\065\004\073\004\113\000.}{}% 26
\BOOKMARK [1][-]{section.12.1}{\376\377\004\021\004\065\004\101\004\072\004\076\004\075\004\065\004\107\004\075\004\113\004\071\000\040\004\077\004\100\004\065\004\064\004\065\004\073\000,\000\040\004\037\004\100\004\065\004\064\004\065\004\073\000\040\004\075\004\060\000\040\004\061\004\065\004\101\004\072\004\076\004\075\004\065\004\107\004\075\004\076\004\101\004\102\004\070}{chapter.12}% 27
\BOOKMARK [1][-]{section.12.2}{\376\377\004\036\004\064\004\075\004\076\004\101\004\102\004\076\004\100\004\076\004\075\004\075\004\070\004\065\000\040\004\077\004\100\004\065\004\064\004\065\004\073\004\113}{chapter.12}% 28
\BOOKMARK [0][-]{chapter.13}{\376\377\000D\000P\000M\000W}{}% 29
\BOOKMARK [0][-]{chapter.14}{\376\377\004\035\004\065\004\077\004\100\004\065\004\100\004\113\004\062\004\075\004\076\004\101\004\102\004\114}{}% 30
\BOOKMARK [1][-]{section.14.1}{\376\377\004\036\004\064\004\075\004\076\004\101\004\102\004\076\004\100\004\076\004\075\004\075\004\117\004\117}{chapter.14}% 31
\BOOKMARK [1][-]{section.14.2}{\376\377\004\075\004\065\004\077\004\100\004\065\004\100\004\113\004\062\004\075\004\113\000\040\000x\000\040\000D\000\050\000f\000\050\000x\000\051\000\051}{chapter.14}% 32
\BOOKMARK [0][-]{chapter.15}{\376\377\000D\000P\000M\000W}{}% 33
\BOOKMARK [0][-]{chapter.16}{\376\377\004\041\004\100\004\060\004\062\004\075\004\065\004\075\004\070\004\065\000\040\004\104\004\103\004\075\004\072\004\106\004\070\004\071}{}% 34
\BOOKMARK [1][-]{section.16.1}{\376\377\004\055\004\072\004\062\004\070\004\062\004\060\004\073\004\065\004\075\004\102\004\075\004\076\004\101\004\102\004\114}{chapter.16}% 35
\BOOKMARK [0][-]{chapter.17}{\376\377\000D\000P\000M\000W}{}% 36
\BOOKMARK [0][-]{chapter.18}{\376\377\004\035\004\065\004\077\004\100\004\065\004\100\004\113\004\062\004\075\004\076\004\101\004\102\004\114\000\040\004\104\004\103\004\075\004\072\004\106\004\070\004\070\000\040\004\075\004\060\000\040\004\076\004\102\004\100\004\065\004\067\004\072\004\065}{}% 37
\BOOKMARK [0][-]{chapter.19}{\376\377\000D\000P\000M\000W}{}% 38
\BOOKMARK [0][-]{chapter.20}{\376\377\004\037\004\100\004\076\004\070\004\067\004\062\004\076\004\064\004\075\004\060\004\117\000\040\004\104\004\103\004\075\004\072\004\106\004\070\004\070\000,\000\040\004\076\004\064\004\075\004\076\004\101\004\102\004\076\004\100\004\076\004\075\004\075\004\070\004\065\000\040\004\077\004\100\004\076\004\070\004\067\004\062\004\076\004\064\004\075\004\113\004\065}{}% 39
\BOOKMARK [0][-]{chapter.21}{\376\377\000D\000P\000M\000W}{}% 40
\BOOKMARK [0][-]{chapter.22}{\376\377\004\077\004\100\004\060\004\062\004\070\004\073\004\060\000\040\004\064\004\070\004\104\004\104\004\065\004\100\004\065\004\075\004\106\004\070\004\100\004\076\004\062\004\060\004\075\004\070\004\117}{}% 41
\BOOKMARK [0][-]{chapter.23}{\376\377\004\024\004\070\004\104\004\104\004\065\004\100\004\065\004\075\004\106\004\070\004\060\004\073\000\040\004\104\004\103\004\075\004\072\004\106\004\070\004\070}{}% 42
\BOOKMARK [1][-]{section.23.1}{\376\377\004\041\004\062\000.\000\040\004\077\004\100\004\076\004\070\004\067\004\062\004\076\004\064\004\075\004\076\004\071}{chapter.23}% 43
\BOOKMARK [0][-]{chapter.24}{\376\377\004\037\004\100\004\076\004\070\004\067\004\062\004\076\004\064\004\075\004\113\004\065\000\040\004\070\000\040\004\064\004\070\004\104\004\104\004\065\004\100\004\065\004\075\004\106\004\070\004\060\004\073\004\113\000\040\004\062\004\113\004\101\004\110\004\070\004\105\000\040\004\077\004\076\004\100\004\117\004\064\004\072\004\076\004\062}{}% 44
\BOOKMARK [0][-]{chapter.25}{\376\377\004\024\004\070\004\104\004\104\004\065\004\100\004\065\004\075\004\106\004\070\004\100\004\076\004\062\004\060\004\075\004\070\004\065\000\040\004\104\004\103\004\075\004\072\004\106\004\070\004\070\000,\000\040\004\067\004\060\004\064\004\060\004\075\004\075\004\076\004\071\000\040\004\077\004\060\004\100\004\060\004\074\004\065\004\102\004\100\004\070\004\107\004\065\004\101\004\072\004\070}{}% 45
\BOOKMARK [0][-]{chapter.26}{\376\377\004\033\004\076\004\072\004\060\004\073\004\114\004\075\004\113\004\071\000\040\004\115\004\072\004\101\004\102\004\100\004\065\004\074\004\103\004\074\000\040\004\104\004\103\004\075\004\072\004\106\004\070\004\070\000,\000\040\004\102\004\065\004\076\004\100\004\065\004\074\004\060\000\040\004\044\004\065\004\100\004\074\004\060}{}% 46
\BOOKMARK [0][-]{chapter.27}{\376\377\004\042\004\065\004\076\004\100\004\065\004\074\004\113\000\040\004\040\004\076\004\073\004\073\004\117\000,\000\040\004\033\004\060\004\063\004\100\004\060\004\075\004\066\004\060\000,\000\040\004\032\004\076\004\110\004\070}{}% 47
\BOOKMARK [0][-]{chapter.28}{\376\377\004\037\004\100\004\060\004\062\004\070\004\073\004\076\000\040\004\033\004\076\004\077\004\070\004\102\004\060\004\073\004\117}{}% 48
\BOOKMARK [0][-]{chapter.35}{\376\377\004\036\004\077\004\100\004\065\004\064\004\065\004\073\004\121\004\075\004\075\004\113\004\071\000\040\004\070\004\075\004\102\004\065\004\063\004\100\004\060\004\073}{}% 49
\BOOKMARK [1][-]{section.35.1}{\376\377\004\041\004\062\004\076\004\071\004\101\004\102\004\062\004\060}{chapter.35}% 50
\BOOKMARK [0][-]{chapter.36}{\376\377\004\044\004\076\004\100\004\074\004\103\004\073\004\060\000\040\004\035\004\114\004\116\004\102\004\076\004\075\004\060\000-\004\033\004\065\004\071\004\061\004\075\004\070\004\106\004\060}{}% 51
